{"/home/travis/build/npmtest/node-npmtest-webcomponents/test.js":{"path":"/home/travis/build/npmtest/node-npmtest-webcomponents/test.js","s":{"1":2,"2":2,"3":2,"4":2,"5":2,"6":2,"7":2,"8":1,"9":2,"10":2,"11":1,"12":1,"13":1,"14":1,"15":2,"16":2,"17":2,"18":2,"19":1,"20":1,"21":2,"22":2,"23":2,"24":1,"25":1,"26":1,"27":1,"28":1,"29":1,"30":1,"31":1,"32":1,"33":1,"34":1,"35":1,"36":1,"37":1,"38":1,"39":2,"40":2,"41":1,"42":2,"43":2,"44":1,"45":2,"46":2,"47":1,"48":2,"49":2,"50":1,"51":1,"52":1,"53":1,"54":1},"b":{"1":[2,1,1,1],"2":[1,1,1,1],"3":[1,1],"4":[1,1],"5":[1,1],"6":[1,1],"7":[1,1],"8":[1,1],"9":[1,1],"10":[1,1,1],"11":[1,1],"12":[1,1],"13":[1,1],"14":[1,1],"15":[1,1],"16":[1,1],"17":[1,1]},"f":{"1":2,"2":2,"3":2,"4":2,"5":2,"6":1,"7":1,"8":1,"9":2,"10":2,"11":2,"12":2,"13":1},"fnMap":{"1":{"name":"(anonymous_1)","line":12,"loc":{"start":{"line":12,"column":1},"end":{"line":12,"column":13}}},"2":{"name":"(anonymous_2)","line":19,"loc":{"start":{"line":19,"column":5},"end":{"line":19,"column":17}}},"3":{"name":"(anonymous_3)","line":23,"loc":{"start":{"line":23,"column":24},"end":{"line":23,"column":36}}},"4":{"name":"(anonymous_4)","line":61,"loc":{"start":{"line":61,"column":5},"end":{"line":61,"column":17}}},"5":{"name":"(anonymous_5)","line":82,"loc":{"start":{"line":82,"column":5},"end":{"line":82,"column":17}}},"6":{"name":"(anonymous_6)","line":91,"loc":{"start":{"line":91,"column":77},"end":{"line":94,"column":10}}},"7":{"name":"(anonymous_7)","line":112,"loc":{"start":{"line":112,"column":83},"end":{"line":115,"column":10}},"skip":true},"8":{"name":"(anonymous_8)","line":123,"loc":{"start":{"line":123,"column":77},"end":{"line":126,"column":10}},"skip":true},"9":{"name":"(anonymous_9)","line":139,"loc":{"start":{"line":139,"column":12},"end":{"line":139,"column":40}},"skip":true},"10":{"name":"(anonymous_10)","line":147,"loc":{"start":{"line":147,"column":77},"end":{"line":150,"column":10}},"skip":true},"11":{"name":"(anonymous_11)","line":158,"loc":{"start":{"line":158,"column":83},"end":{"line":161,"column":10}},"skip":true},"12":{"name":"(anonymous_12)","line":169,"loc":{"start":{"line":169,"column":79},"end":{"line":172,"column":10}},"skip":true},"13":{"name":"(anonymous_13)","line":180,"loc":{"start":{"line":180,"column":75},"end":{"line":183,"column":10}},"skip":true}},"statementMap":{"1":{"start":{"line":12,"column":0},"end":{"line":195,"column":5}},"2":{"start":{"line":14,"column":4},"end":{"line":14,"column":14}},"3":{"start":{"line":19,"column":4},"end":{"line":56,"column":9}},"4":{"start":{"line":21,"column":8},"end":{"line":21,"column":19}},"5":{"start":{"line":23,"column":8},"end":{"line":35,"column":13}},"6":{"start":{"line":24,"column":12},"end":{"line":34,"column":13}},"7":{"start":{"line":25,"column":16},"end":{"line":28,"column":30}},"8":{"start":{"line":30,"column":16},"end":{"line":33,"column":27}},"9":{"start":{"line":37,"column":8},"end":{"line":39,"column":21}},"10":{"start":{"line":40,"column":8},"end":{"line":53,"column":9}},"11":{"start":{"line":43,"column":12},"end":{"line":46,"column":14}},"12":{"start":{"line":47,"column":12},"end":{"line":47,"column":18}},"13":{"start":{"line":50,"column":12},"end":{"line":51,"column":33}},"14":{"start":{"line":52,"column":12},"end":{"line":52,"column":18}},"15":{"start":{"line":55,"column":8},"end":{"line":55,"column":35}},"16":{"start":{"line":61,"column":4},"end":{"line":63,"column":9}},"17":{"start":{"line":62,"column":8},"end":{"line":62,"column":15}},"18":{"start":{"line":64,"column":4},"end":{"line":77,"column":5}},"19":{"start":{"line":70,"column":8},"end":{"line":70,"column":14}},"20":{"start":{"line":76,"column":8},"end":{"line":76,"column":14}},"21":{"start":{"line":82,"column":4},"end":{"line":84,"column":9}},"22":{"start":{"line":83,"column":8},"end":{"line":83,"column":15}},"23":{"start":{"line":85,"column":4},"end":{"line":194,"column":5}},"24":{"start":{"line":91,"column":8},"end":{"line":99,"column":10}},"25":{"start":{"line":98,"column":12},"end":{"line":98,"column":35}},"26":{"start":{"line":102,"column":8},"end":{"line":104,"column":63}},"27":{"start":{"line":105,"column":8},"end":{"line":105,"column":14}},"28":{"start":{"line":112,"column":8},"end":{"line":121,"column":10},"skip":true},"29":{"start":{"line":119,"column":12},"end":{"line":119,"column":55},"skip":true},"30":{"start":{"line":120,"column":12},"end":{"line":120,"column":48},"skip":true},"31":{"start":{"line":123,"column":8},"end":{"line":136,"column":10},"skip":true},"32":{"start":{"line":130,"column":12},"end":{"line":130,"column":76},"skip":true},"33":{"start":{"line":131,"column":12},"end":{"line":131,"column":73},"skip":true},"34":{"start":{"line":132,"column":12},"end":{"line":132,"column":74},"skip":true},"35":{"start":{"line":133,"column":12},"end":{"line":133,"column":79},"skip":true},"36":{"start":{"line":134,"column":12},"end":{"line":134,"column":25},"skip":true},"37":{"start":{"line":135,"column":12},"end":{"line":135,"column":45},"skip":true},"38":{"start":{"line":138,"column":8},"end":{"line":145,"column":14},"skip":true},"39":{"start":{"line":143,"column":16},"end":{"line":143,"column":29},"skip":true},"40":{"start":{"line":144,"column":16},"end":{"line":144,"column":55},"skip":true},"41":{"start":{"line":147,"column":8},"end":{"line":156,"column":10},"skip":true},"42":{"start":{"line":154,"column":12},"end":{"line":154,"column":25},"skip":true},"43":{"start":{"line":155,"column":12},"end":{"line":155,"column":45},"skip":true},"44":{"start":{"line":158,"column":8},"end":{"line":167,"column":10},"skip":true},"45":{"start":{"line":165,"column":12},"end":{"line":165,"column":25},"skip":true},"46":{"start":{"line":166,"column":12},"end":{"line":166,"column":48},"skip":true},"47":{"start":{"line":169,"column":8},"end":{"line":178,"column":10},"skip":true},"48":{"start":{"line":176,"column":12},"end":{"line":176,"column":25},"skip":true},"49":{"start":{"line":177,"column":12},"end":{"line":177,"column":46},"skip":true},"50":{"start":{"line":180,"column":8},"end":{"line":189,"column":10},"skip":true},"51":{"start":{"line":187,"column":12},"end":{"line":187,"column":94},"skip":true},"52":{"start":{"line":188,"column":12},"end":{"line":188,"column":48},"skip":true},"53":{"start":{"line":192,"column":8},"end":{"line":192,"column":35},"skip":true},"54":{"start":{"line":193,"column":8},"end":{"line":193,"column":14},"skip":true}},"branchMap":{"1":{"line":25,"type":"binary-expr","locations":[{"start":{"line":25,"column":23},"end":{"line":25,"column":62}},{"start":{"line":26,"column":20},"end":{"line":26,"column":70}},{"start":{"line":27,"column":20},"end":{"line":27,"column":71}},{"start":{"line":28,"column":20},"end":{"line":28,"column":29}}]},"2":{"line":30,"type":"binary-expr","locations":[{"start":{"line":30,"column":23},"end":{"line":30,"column":37}},{"start":{"line":31,"column":20},"end":{"line":31,"column":61}},{"start":{"line":32,"column":20},"end":{"line":32,"column":70}},{"start":{"line":33,"column":20},"end":{"line":33,"column":26}}]},"3":{"line":37,"type":"cond-expr","locations":[{"start":{"line":38,"column":14},"end":{"line":38,"column":20}},{"start":{"line":39,"column":14},"end":{"line":39,"column":20}}]},"4":{"line":40,"type":"switch","locations":[{"start":{"line":42,"column":8},"end":{"line":47,"column":18}},{"start":{"line":49,"column":8},"end":{"line":52,"column":18}}]},"5":{"line":44,"type":"binary-expr","locations":[{"start":{"line":44,"column":16},"end":{"line":44,"column":44}},{"start":{"line":44,"column":48},"end":{"line":44,"column":66}}]},"6":{"line":50,"type":"binary-expr","locations":[{"start":{"line":50,"column":21},"end":{"line":50,"column":49}},{"start":{"line":50,"column":53},"end":{"line":50,"column":72}}]},"7":{"line":64,"type":"switch","locations":[{"start":{"line":69,"column":4},"end":{"line":70,"column":14}},{"start":{"line":75,"column":4},"end":{"line":76,"column":14}}]},"8":{"line":85,"type":"switch","locations":[{"start":{"line":90,"column":4},"end":{"line":105,"column":14}},{"start":{"line":111,"column":4},"end":{"line":193,"column":14},"skip":true}]},"9":{"line":91,"type":"binary-expr","locations":[{"start":{"line":91,"column":42},"end":{"line":91,"column":73}},{"start":{"line":91,"column":77},"end":{"line":99,"column":9}}]},"10":{"line":102,"type":"binary-expr","locations":[{"start":{"line":102,"column":18},"end":{"line":102,"column":32}},{"start":{"line":103,"column":12},"end":{"line":103,"column":53}},{"start":{"line":104,"column":12},"end":{"line":104,"column":61}}]},"11":{"line":112,"type":"binary-expr","locations":[{"start":{"line":112,"column":45},"end":{"line":112,"column":79},"skip":true},{"start":{"line":112,"column":83},"end":{"line":121,"column":9},"skip":true}]},"12":{"line":123,"type":"binary-expr","locations":[{"start":{"line":123,"column":42},"end":{"line":123,"column":73},"skip":true},{"start":{"line":123,"column":77},"end":{"line":136,"column":9},"skip":true}]},"13":{"line":138,"type":"binary-expr","locations":[{"start":{"line":138,"column":48},"end":{"line":138,"column":85},"skip":true},{"start":{"line":139,"column":12},"end":{"line":145,"column":13},"skip":true}]},"14":{"line":147,"type":"binary-expr","locations":[{"start":{"line":147,"column":42},"end":{"line":147,"column":73},"skip":true},{"start":{"line":147,"column":77},"end":{"line":156,"column":9},"skip":true}]},"15":{"line":158,"type":"binary-expr","locations":[{"start":{"line":158,"column":45},"end":{"line":158,"column":79},"skip":true},{"start":{"line":158,"column":83},"end":{"line":167,"column":9},"skip":true}]},"16":{"line":169,"type":"binary-expr","locations":[{"start":{"line":169,"column":43},"end":{"line":169,"column":75},"skip":true},{"start":{"line":169,"column":79},"end":{"line":178,"column":9},"skip":true}]},"17":{"line":180,"type":"binary-expr","locations":[{"start":{"line":180,"column":41},"end":{"line":180,"column":71},"skip":true},{"start":{"line":180,"column":75},"end":{"line":189,"column":9},"skip":true}]}},"code":["/* istanbul instrument in package npmtest_webcomponents */","/*jslint","    bitwise: true,","    browser: true,","    maxerr: 8,","    maxlen: 96,","    node: true,","    nomen: true,","    regexp: true,","    stupid: true","*/","(function () {","    'use strict';","    var local;","","","","    // run shared js-env code - pre-init","    (function () {","        // init local","        local = {};","        // init modeJs","        local.modeJs = (function () {","            try {","                return typeof navigator.userAgent === 'string' &&","                    typeof document.querySelector('body') === 'object' &&","                    typeof XMLHttpRequest.prototype.open === 'function' &&","                    'browser';","            } catch (errorCaughtBrowser) {","                return module.exports &&","                    typeof process.versions.node === 'string' &&","                    typeof require('http').createServer === 'function' &&","                    'node';","            }","        }());","        // init global","        local.global = local.modeJs === 'browser'","            ? window","            : global;","        switch (local.modeJs) {","        // re-init local from window.local","        case 'browser':","            local = local.global.utility2.objectSetDefault(","                local.global.utility2_rollup || local.global.local,","                local.global.utility2","            );","            break;","        // re-init local from example.js","        case 'node':","            local = (local.global.utility2_rollup || require('utility2'))","                .requireReadme();","            break;","        }","        // export local","        local.global.local = local;","    }());","","","","    // run shared js-env code - function","    (function () {","        return;","    }());","    switch (local.modeJs) {","","","","    // run browser js-env code - function","    case 'browser':","        break;","","","","    // run node js-env code - function","    case 'node':","        break;","    }","","","","    // run shared js-env code - post-init","    (function () {","        return;","    }());","    switch (local.modeJs) {","","","","    // run browser js-env code - post-init","    case 'browser':","        local.testCase_browser_nullCase = local.testCase_browser_nullCase || function (","            options,","            onError","        ) {","        /*","         * this function will test browsers's null-case handling-behavior-behavior","         */","            onError(null, options);","        };","","        // run tests","        local.nop(local.modeTest &&","            document.querySelector('#testRunButton1') &&","            document.querySelector('#testRunButton1').click());","        break;","","","","    // run node js-env code - post-init","    /* istanbul ignore next */","    case 'node':","        local.testCase_buildApidoc_default = local.testCase_buildApidoc_default || function (","            options,","            onError","        ) {","        /*","         * this function will test buildApidoc's default handling-behavior-behavior","         */","            options = { modulePathList: module.paths };","            local.buildApidoc(options, onError);","        };","","        local.testCase_buildApp_default = local.testCase_buildApp_default || function (","            options,","            onError","        ) {","        /*","         * this function will test buildApp's default handling-behavior-behavior","         */","            local.testCase_buildReadme_default(options, local.onErrorThrow);","            local.testCase_buildLib_default(options, local.onErrorThrow);","            local.testCase_buildTest_default(options, local.onErrorThrow);","            local.testCase_buildCustomOrg_default(options, local.onErrorThrow);","            options = [];","            local.buildApp(options, onError);","        };","","        local.testCase_buildCustomOrg_default = local.testCase_buildCustomOrg_default ||","            function (options, onError) {","            /*","             * this function will test buildCustomOrg's default handling-behavior","             */","                options = {};","                local.buildCustomOrg(options, onError);","            };","","        local.testCase_buildLib_default = local.testCase_buildLib_default || function (","            options,","            onError","        ) {","        /*","         * this function will test buildLib's default handling-behavior","         */","            options = {};","            local.buildLib(options, onError);","        };","","        local.testCase_buildReadme_default = local.testCase_buildReadme_default || function (","            options,","            onError","        ) {","        /*","         * this function will test buildReadme's default handling-behavior-behavior","         */","            options = {};","            local.buildReadme(options, onError);","        };","","        local.testCase_buildTest_default = local.testCase_buildTest_default || function (","            options,","            onError","        ) {","        /*","         * this function will test buildTest's default handling-behavior","         */","            options = {};","            local.buildTest(options, onError);","        };","","        local.testCase_webpage_default = local.testCase_webpage_default || function (","            options,","            onError","        ) {","        /*","         * this function will test webpage's default handling-behavior","         */","            options = { modeCoverageMerge: true, url: local.serverLocalHost + '?modeTest=1' };","            local.browserTest(options, onError);","        };","","        // run test-server","        local.testRunServer(local);","        break;","    }","}());",""],"l":{"12":2,"14":2,"19":2,"21":2,"23":2,"24":2,"25":2,"30":1,"37":2,"40":2,"43":1,"47":1,"50":1,"52":1,"55":2,"61":2,"62":2,"64":2,"70":1,"76":1,"82":2,"83":2,"85":2,"91":1,"98":1,"102":1,"105":1,"112":1,"119":1,"120":1,"123":1,"130":1,"131":1,"132":1,"133":1,"134":1,"135":1,"138":1,"143":2,"144":2,"147":1,"154":2,"155":2,"158":1,"165":2,"166":2,"169":1,"176":2,"177":2,"180":1,"187":1,"188":1,"192":1,"193":1}},"/home/travis/build/npmtest/node-npmtest-webcomponents/lib.npmtest_webcomponents.js":{"path":"/home/travis/build/npmtest/node-npmtest-webcomponents/lib.npmtest_webcomponents.js","s":{"1":2,"2":2,"3":2,"4":2,"5":2,"6":2,"7":2,"8":1,"9":2,"10":2,"11":2,"12":2,"13":1,"14":1,"15":1,"16":1},"b":{"1":[2,1,1,1],"2":[1,1,1,1],"3":[1,1],"4":[2,2],"5":[1,1]},"f":{"1":2,"2":2,"3":2},"fnMap":{"1":{"name":"(anonymous_1)","line":12,"loc":{"start":{"line":12,"column":1},"end":{"line":12,"column":13}}},"2":{"name":"(anonymous_2)","line":19,"loc":{"start":{"line":19,"column":5},"end":{"line":19,"column":17}}},"3":{"name":"(anonymous_3)","line":23,"loc":{"start":{"line":23,"column":24},"end":{"line":23,"column":36}}}},"statementMap":{"1":{"start":{"line":12,"column":0},"end":{"line":53,"column":5}},"2":{"start":{"line":14,"column":4},"end":{"line":14,"column":14}},"3":{"start":{"line":19,"column":4},"end":{"line":52,"column":9}},"4":{"start":{"line":21,"column":8},"end":{"line":21,"column":19}},"5":{"start":{"line":23,"column":8},"end":{"line":35,"column":13}},"6":{"start":{"line":24,"column":12},"end":{"line":34,"column":13}},"7":{"start":{"line":25,"column":16},"end":{"line":28,"column":30}},"8":{"start":{"line":30,"column":16},"end":{"line":33,"column":27}},"9":{"start":{"line":37,"column":8},"end":{"line":39,"column":21}},"10":{"start":{"line":41,"column":8},"end":{"line":41,"column":54}},"11":{"start":{"line":43,"column":8},"end":{"line":43,"column":58}},"12":{"start":{"line":45,"column":8},"end":{"line":51,"column":9}},"13":{"start":{"line":46,"column":12},"end":{"line":46,"column":64}},"14":{"start":{"line":48,"column":12},"end":{"line":48,"column":35}},"15":{"start":{"line":49,"column":12},"end":{"line":49,"column":49}},"16":{"start":{"line":50,"column":12},"end":{"line":50,"column":43}}},"branchMap":{"1":{"line":25,"type":"binary-expr","locations":[{"start":{"line":25,"column":23},"end":{"line":25,"column":62}},{"start":{"line":26,"column":20},"end":{"line":26,"column":70}},{"start":{"line":27,"column":20},"end":{"line":27,"column":71}},{"start":{"line":28,"column":20},"end":{"line":28,"column":29}}]},"2":{"line":30,"type":"binary-expr","locations":[{"start":{"line":30,"column":23},"end":{"line":30,"column":37}},{"start":{"line":31,"column":20},"end":{"line":31,"column":61}},{"start":{"line":32,"column":20},"end":{"line":32,"column":70}},{"start":{"line":33,"column":20},"end":{"line":33,"column":26}}]},"3":{"line":37,"type":"cond-expr","locations":[{"start":{"line":38,"column":14},"end":{"line":38,"column":20}},{"start":{"line":39,"column":14},"end":{"line":39,"column":20}}]},"4":{"line":41,"type":"binary-expr","locations":[{"start":{"line":41,"column":16},"end":{"line":41,"column":44}},{"start":{"line":41,"column":48},"end":{"line":41,"column":53}}]},"5":{"line":45,"type":"if","locations":[{"start":{"line":45,"column":8},"end":{"line":45,"column":8}},{"start":{"line":45,"column":8},"end":{"line":45,"column":8}}]}},"code":["/* istanbul instrument in package npmtest_webcomponents */","/*jslint","    bitwise: true,","    browser: true,","    maxerr: 8,","    maxlen: 96,","    node: true,","    nomen: true,","    regexp: true,","    stupid: true","*/","(function () {","    'use strict';","    var local;","","","","    // run shared js-env code - pre-init","    (function () {","        // init local","        local = {};","        // init modeJs","        local.modeJs = (function () {","            try {","                return typeof navigator.userAgent === 'string' &&","                    typeof document.querySelector('body') === 'object' &&","                    typeof XMLHttpRequest.prototype.open === 'function' &&","                    'browser';","            } catch (errorCaughtBrowser) {","                return module.exports &&","                    typeof process.versions.node === 'string' &&","                    typeof require('http').createServer === 'function' &&","                    'node';","            }","        }());","        // init global","        local.global = local.modeJs === 'browser'","            ? window","            : global;","        // init utility2_rollup","        local = local.global.utility2_rollup || local;","        // init lib","        local.local = local.npmtest_webcomponents = local;","        // init exports","        if (local.modeJs === 'browser') {","            local.global.utility2_npmtest_webcomponents = local;","        } else {","            module.exports = local;","            module.exports.__dirname = __dirname;","            module.exports.module = module;","        }","    }());","}());",""],"l":{"12":2,"14":2,"19":2,"21":2,"23":2,"24":2,"25":2,"30":1,"37":2,"41":2,"43":2,"45":2,"46":1,"48":1,"49":1,"50":1}},"/home/travis/build/npmtest/node-npmtest-webcomponents/example.js":{"path":"/home/travis/build/npmtest/node-npmtest-webcomponents/example.js","s":{"1":2,"2":2,"3":2,"4":2,"5":2,"6":2,"7":2,"8":1,"9":2,"10":2,"11":2,"12":2,"13":1,"14":2,"15":2,"16":2,"17":2,"18":2,"19":0,"20":2,"21":1,"22":1,"23":1,"24":1,"25":1,"26":0,"27":0,"28":1,"29":1,"30":2,"31":0,"32":0,"33":0,"34":1,"35":2,"36":2,"37":3,"38":3,"39":3,"40":3,"41":0,"42":3,"43":3,"44":3,"45":1,"46":3,"47":1,"48":1,"49":1,"50":1,"51":1,"52":1,"53":1,"54":1,"55":1,"56":1,"57":0,"58":1,"59":6,"60":6,"61":1,"62":2,"63":0,"64":2,"65":1,"66":1,"67":0,"68":0,"69":0,"70":0,"71":0,"72":0,"73":0,"74":0,"75":0,"76":0,"77":0,"78":0,"79":0,"80":0,"81":0,"82":0,"83":0},"b":{"1":[2,1,1,1],"2":[1,1,1,1],"3":[1,1],"4":[2,2],"5":[1,1],"6":[1,1],"7":[2,0],"8":[2,1,1,1,1,1],"9":[0,2,0],"10":[1,1],"11":[2,1,1],"12":[1,0],"13":[0,2],"14":[2,0,0,0,0,0,0],"15":[0,3],"16":[3,0],"17":[1,1],"18":[0,1],"19":[1,2,0,2],"20":[1,0],"21":[1,1],"22":[0,0],"23":[0,0],"24":[0,0],"25":[0,0],"26":[0,0],"27":[0,0],"28":[0,0]},"f":{"1":2,"2":2,"3":2,"4":2,"5":2,"6":2,"7":3,"8":3,"9":3,"10":1,"11":6,"12":0},"fnMap":{"1":{"name":"(anonymous_1)","line":26,"loc":{"start":{"line":26,"column":1},"end":{"line":26,"column":13}}},"2":{"name":"(anonymous_2)","line":33,"loc":{"start":{"line":33,"column":5},"end":{"line":33,"column":17}}},"3":{"name":"(anonymous_3)","line":37,"loc":{"start":{"line":37,"column":24},"end":{"line":37,"column":36}}},"4":{"name":"(anonymous_4)","line":69,"loc":{"start":{"line":69,"column":31},"end":{"line":69,"column":48}},"skip":true},"5":{"name":"(anonymous_5)","line":78,"loc":{"start":{"line":78,"column":26},"end":{"line":78,"column":45}},"skip":true},"6":{"name":"(anonymous_6)","line":123,"loc":{"start":{"line":123,"column":33},"end":{"line":123,"column":48}},"skip":true},"7":{"name":"(anonymous_7)","line":125,"loc":{"start":{"line":125,"column":27},"end":{"line":125,"column":39}},"skip":true},"8":{"name":"(anonymous_8)","line":133,"loc":{"start":{"line":133,"column":59},"end":{"line":133,"column":74}},"skip":true},"9":{"name":"(anonymous_9)","line":143,"loc":{"start":{"line":143,"column":45},"end":{"line":143,"column":62}},"skip":true},"10":{"name":"(anonymous_10)","line":144,"loc":{"start":{"line":144,"column":73},"end":{"line":144,"column":92}},"skip":true},"11":{"name":"(anonymous_11)","line":272,"loc":{"start":{"line":272,"column":51},"end":{"line":272,"column":77}},"skip":true},"12":{"name":"(anonymous_12)","line":315,"loc":{"start":{"line":315,"column":32},"end":{"line":315,"column":61}},"skip":true}},"statementMap":{"1":{"start":{"line":26,"column":0},"end":{"line":326,"column":5}},"2":{"start":{"line":28,"column":4},"end":{"line":28,"column":14}},"3":{"start":{"line":33,"column":4},"end":{"line":60,"column":9}},"4":{"start":{"line":35,"column":8},"end":{"line":35,"column":19}},"5":{"start":{"line":37,"column":8},"end":{"line":49,"column":13}},"6":{"start":{"line":38,"column":12},"end":{"line":48,"column":13}},"7":{"start":{"line":39,"column":16},"end":{"line":42,"column":30}},"8":{"start":{"line":44,"column":16},"end":{"line":47,"column":27}},"9":{"start":{"line":51,"column":8},"end":{"line":53,"column":21}},"10":{"start":{"line":55,"column":8},"end":{"line":57,"column":45}},"11":{"start":{"line":59,"column":8},"end":{"line":59,"column":35}},"12":{"start":{"line":61,"column":4},"end":{"line":325,"column":5}},"13":{"start":{"line":69,"column":8},"end":{"line":121,"column":10},"skip":true},"14":{"start":{"line":70,"column":12},"end":{"line":88,"column":13},"skip":true},"15":{"start":{"line":76,"column":16},"end":{"line":87,"column":19},"skip":true},"16":{"start":{"line":79,"column":20},"end":{"line":86,"column":21},"skip":true},"17":{"start":{"line":82,"column":24},"end":{"line":82,"column":43},"skip":true},"18":{"start":{"line":83,"column":24},"end":{"line":83,"column":30},"skip":true},"19":{"start":{"line":85,"column":24},"end":{"line":85,"column":49},"skip":true},"20":{"start":{"line":89,"column":12},"end":{"line":107,"column":13},"skip":true},"21":{"start":{"line":92,"column":16},"end":{"line":102,"column":17},"skip":true},"22":{"start":{"line":93,"column":20},"end":{"line":93,"column":86},"skip":true},"23":{"start":{"line":94,"column":20},"end":{"line":95,"column":45},"skip":true},"24":{"start":{"line":96,"column":20},"end":{"line":96,"column":42},"skip":true},"25":{"start":{"line":97,"column":20},"end":{"line":97,"column":48},"skip":true},"26":{"start":{"line":100,"column":20},"end":{"line":100,"column":85},"skip":true},"27":{"start":{"line":101,"column":20},"end":{"line":101,"column":96},"skip":true},"28":{"start":{"line":103,"column":16},"end":{"line":103,"column":22},"skip":true},"29":{"start":{"line":106,"column":16},"end":{"line":106,"column":22},"skip":true},"30":{"start":{"line":108,"column":12},"end":{"line":120,"column":13},"skip":true},"31":{"start":{"line":114,"column":16},"end":{"line":119,"column":17},"skip":true},"32":{"start":{"line":116,"column":20},"end":{"line":116,"column":78},"skip":true},"33":{"start":{"line":118,"column":20},"end":{"line":118,"column":47},"skip":true},"34":{"start":{"line":123,"column":8},"end":{"line":141,"column":11},"skip":true},"35":{"start":{"line":124,"column":12},"end":{"line":124,"column":54},"skip":true},"36":{"start":{"line":125,"column":12},"end":{"line":140,"column":14},"skip":true},"37":{"start":{"line":126,"column":16},"end":{"line":126,"column":28},"skip":true},"38":{"start":{"line":127,"column":16},"end":{"line":127,"column":69},"skip":true},"39":{"start":{"line":128,"column":16},"end":{"line":128,"column":75},"skip":true},"40":{"start":{"line":129,"column":16},"end":{"line":131,"column":17},"skip":true},"41":{"start":{"line":130,"column":20},"end":{"line":130,"column":27},"skip":true},"42":{"start":{"line":133,"column":16},"end":{"line":137,"column":36},"skip":true},"43":{"start":{"line":134,"column":20},"end":{"line":136,"column":55},"skip":true},"44":{"start":{"line":139,"column":16},"end":{"line":139,"column":57},"skip":true},"45":{"start":{"line":143,"column":8},"end":{"line":147,"column":11},"skip":true},"46":{"start":{"line":144,"column":12},"end":{"line":146,"column":15},"skip":true},"47":{"start":{"line":145,"column":16},"end":{"line":145,"column":70},"skip":true},"48":{"start":{"line":149,"column":8},"end":{"line":149,"column":31},"skip":true},"49":{"start":{"line":150,"column":8},"end":{"line":150,"column":14},"skip":true},"50":{"start":{"line":158,"column":8},"end":{"line":158,"column":31},"skip":true},"51":{"start":{"line":160,"column":8},"end":{"line":160,"column":33},"skip":true},"52":{"start":{"line":161,"column":8},"end":{"line":161,"column":37},"skip":true},"53":{"start":{"line":162,"column":8},"end":{"line":162,"column":35},"skip":true},"54":{"start":{"line":164,"column":8},"end":{"line":164,"column":50},"skip":true},"55":{"start":{"line":166,"column":8},"end":{"line":256,"column":2},"skip":true},"56":{"start":{"line":258,"column":8},"end":{"line":286,"column":9},"skip":true},"57":{"start":{"line":259,"column":12},"end":{"line":269,"column":14},"skip":true},"58":{"start":{"line":271,"column":12},"end":{"line":285,"column":19},"skip":true},"59":{"start":{"line":274,"column":20},"end":{"line":274,"column":35},"skip":true},"60":{"start":{"line":275,"column":20},"end":{"line":284,"column":21},"skip":true},"61":{"start":{"line":277,"column":24},"end":{"line":277,"column":64},"skip":true},"62":{"start":{"line":279,"column":24},"end":{"line":279,"column":40},"skip":true},"63":{"start":{"line":281,"column":24},"end":{"line":281,"column":40},"skip":true},"64":{"start":{"line":283,"column":24},"end":{"line":283,"column":39},"skip":true},"65":{"start":{"line":288,"column":8},"end":{"line":290,"column":9},"skip":true},"66":{"start":{"line":289,"column":12},"end":{"line":289,"column":18},"skip":true},"67":{"start":{"line":291,"column":8},"end":{"line":293,"column":54},"skip":true},"68":{"start":{"line":296,"column":8},"end":{"line":301,"column":37},"skip":true},"69":{"start":{"line":303,"column":8},"end":{"line":303,"column":82},"skip":true},"70":{"start":{"line":306,"column":8},"end":{"line":308,"column":9},"skip":true},"71":{"start":{"line":307,"column":12},"end":{"line":307,"column":82},"skip":true},"72":{"start":{"line":310,"column":8},"end":{"line":312,"column":9},"skip":true},"73":{"start":{"line":311,"column":12},"end":{"line":311,"column":18},"skip":true},"74":{"start":{"line":313,"column":8},"end":{"line":313,"column":54},"skip":true},"75":{"start":{"line":314,"column":8},"end":{"line":314,"column":69},"skip":true},"76":{"start":{"line":315,"column":8},"end":{"line":323,"column":36},"skip":true},"77":{"start":{"line":316,"column":12},"end":{"line":316,"column":61},"skip":true},"78":{"start":{"line":317,"column":12},"end":{"line":320,"column":13},"skip":true},"79":{"start":{"line":318,"column":16},"end":{"line":318,"column":75},"skip":true},"80":{"start":{"line":319,"column":16},"end":{"line":319,"column":23},"skip":true},"81":{"start":{"line":321,"column":12},"end":{"line":321,"column":38},"skip":true},"82":{"start":{"line":322,"column":12},"end":{"line":322,"column":27},"skip":true},"83":{"start":{"line":324,"column":8},"end":{"line":324,"column":14},"skip":true}},"branchMap":{"1":{"line":39,"type":"binary-expr","locations":[{"start":{"line":39,"column":23},"end":{"line":39,"column":62}},{"start":{"line":40,"column":20},"end":{"line":40,"column":70}},{"start":{"line":41,"column":20},"end":{"line":41,"column":71}},{"start":{"line":42,"column":20},"end":{"line":42,"column":29}}]},"2":{"line":44,"type":"binary-expr","locations":[{"start":{"line":44,"column":23},"end":{"line":44,"column":37}},{"start":{"line":45,"column":20},"end":{"line":45,"column":61}},{"start":{"line":46,"column":20},"end":{"line":46,"column":70}},{"start":{"line":47,"column":20},"end":{"line":47,"column":26}}]},"3":{"line":51,"type":"cond-expr","locations":[{"start":{"line":52,"column":14},"end":{"line":52,"column":20}},{"start":{"line":53,"column":14},"end":{"line":53,"column":20}}]},"4":{"line":55,"type":"binary-expr","locations":[{"start":{"line":55,"column":16},"end":{"line":55,"column":44}},{"start":{"line":55,"column":49},"end":{"line":57,"column":43}}]},"5":{"line":55,"type":"cond-expr","locations":[{"start":{"line":56,"column":14},"end":{"line":56,"column":57}},{"start":{"line":57,"column":14},"end":{"line":57,"column":43}}]},"6":{"line":61,"type":"switch","locations":[{"start":{"line":68,"column":4},"end":{"line":150,"column":14},"skip":true},{"start":{"line":156,"column":4},"end":{"line":324,"column":14},"skip":true}]},"7":{"line":70,"type":"if","locations":[{"start":{"line":70,"column":12},"end":{"line":70,"column":12},"skip":true},{"start":{"line":70,"column":12},"end":{"line":70,"column":12},"skip":true}]},"8":{"line":70,"type":"binary-expr","locations":[{"start":{"line":70,"column":16},"end":{"line":70,"column":22},"skip":true},{"start":{"line":70,"column":27},"end":{"line":70,"column":32},"skip":true},{"start":{"line":71,"column":20},"end":{"line":71,"column":39},"skip":true},{"start":{"line":72,"column":20},"end":{"line":72,"column":49},"skip":true},{"start":{"line":73,"column":20},"end":{"line":73,"column":58},"skip":true},{"start":{"line":74,"column":20},"end":{"line":74,"column":69},"skip":true}]},"9":{"line":79,"type":"switch","locations":[{"start":{"line":80,"column":20},"end":{"line":80,"column":33},"skip":true},{"start":{"line":81,"column":20},"end":{"line":83,"column":30},"skip":true},{"start":{"line":84,"column":20},"end":{"line":85,"column":49},"skip":true}]},"10":{"line":89,"type":"switch","locations":[{"start":{"line":90,"column":12},"end":{"line":103,"column":22},"skip":true},{"start":{"line":105,"column":12},"end":{"line":106,"column":22},"skip":true}]},"11":{"line":89,"type":"binary-expr","locations":[{"start":{"line":89,"column":20},"end":{"line":89,"column":25},"skip":true},{"start":{"line":89,"column":29},"end":{"line":89,"column":48},"skip":true},{"start":{"line":89,"column":52},"end":{"line":89,"column":74},"skip":true}]},"12":{"line":92,"type":"if","locations":[{"start":{"line":92,"column":16},"end":{"line":92,"column":16},"skip":true},{"start":{"line":92,"column":16},"end":{"line":92,"column":16},"skip":true}]},"13":{"line":108,"type":"if","locations":[{"start":{"line":108,"column":12},"end":{"line":108,"column":12},"skip":true},{"start":{"line":108,"column":12},"end":{"line":108,"column":12},"skip":true}]},"14":{"line":108,"type":"binary-expr","locations":[{"start":{"line":108,"column":16},"end":{"line":108,"column":61},"skip":true},{"start":{"line":108,"column":66},"end":{"line":108,"column":72},"skip":true},{"start":{"line":108,"column":77},"end":{"line":108,"column":82},"skip":true},{"start":{"line":109,"column":20},"end":{"line":109,"column":39},"skip":true},{"start":{"line":110,"column":20},"end":{"line":110,"column":49},"skip":true},{"start":{"line":111,"column":20},"end":{"line":111,"column":58},"skip":true},{"start":{"line":112,"column":20},"end":{"line":112,"column":68},"skip":true}]},"15":{"line":129,"type":"if","locations":[{"start":{"line":129,"column":16},"end":{"line":129,"column":16},"skip":true},{"start":{"line":129,"column":16},"end":{"line":129,"column":16},"skip":true}]},"16":{"line":134,"type":"cond-expr","locations":[{"start":{"line":135,"column":26},"end":{"line":135,"column":29},"skip":true},{"start":{"line":136,"column":26},"end":{"line":136,"column":54},"skip":true}]},"17":{"line":164,"type":"binary-expr","locations":[{"start":{"line":164,"column":27},"end":{"line":164,"column":43},"skip":true},{"start":{"line":164,"column":47},"end":{"line":164,"column":49},"skip":true}]},"18":{"line":258,"type":"if","locations":[{"start":{"line":258,"column":8},"end":{"line":258,"column":8},"skip":true},{"start":{"line":258,"column":8},"end":{"line":258,"column":8},"skip":true}]},"19":{"line":275,"type":"switch","locations":[{"start":{"line":276,"column":20},"end":{"line":277,"column":64},"skip":true},{"start":{"line":278,"column":20},"end":{"line":279,"column":40},"skip":true},{"start":{"line":280,"column":20},"end":{"line":281,"column":40},"skip":true},{"start":{"line":282,"column":20},"end":{"line":283,"column":39},"skip":true}]},"20":{"line":288,"type":"if","locations":[{"start":{"line":288,"column":8},"end":{"line":288,"column":8},"skip":true},{"start":{"line":288,"column":8},"end":{"line":288,"column":8},"skip":true}]},"21":{"line":288,"type":"binary-expr","locations":[{"start":{"line":288,"column":12},"end":{"line":288,"column":40},"skip":true},{"start":{"line":288,"column":44},"end":{"line":288,"column":67},"skip":true}]},"22":{"line":292,"type":"binary-expr","locations":[{"start":{"line":292,"column":12},"end":{"line":292,"column":50},"skip":true},{"start":{"line":293,"column":12},"end":{"line":293,"column":53},"skip":true}]},"23":{"line":297,"type":"binary-expr","locations":[{"start":{"line":297,"column":12},"end":{"line":297,"column":71},"skip":true},{"start":{"line":298,"column":12},"end":{"line":301,"column":36},"skip":true}]},"24":{"line":303,"type":"binary-expr","locations":[{"start":{"line":303,"column":43},"end":{"line":303,"column":75},"skip":true},{"start":{"line":303,"column":79},"end":{"line":303,"column":81},"skip":true}]},"25":{"line":306,"type":"if","locations":[{"start":{"line":306,"column":8},"end":{"line":306,"column":8},"skip":true},{"start":{"line":306,"column":8},"end":{"line":306,"column":8},"skip":true}]},"26":{"line":310,"type":"if","locations":[{"start":{"line":310,"column":8},"end":{"line":310,"column":8},"skip":true},{"start":{"line":310,"column":8},"end":{"line":310,"column":8},"skip":true}]},"27":{"line":313,"type":"binary-expr","locations":[{"start":{"line":313,"column":27},"end":{"line":313,"column":43},"skip":true},{"start":{"line":313,"column":47},"end":{"line":313,"column":53},"skip":true}]},"28":{"line":317,"type":"if","locations":[{"start":{"line":317,"column":12},"end":{"line":317,"column":12},"skip":true},{"start":{"line":317,"column":12},"end":{"line":317,"column":12},"skip":true}]}},"code":["/*","example.js","","quickstart example","","instruction","    1. save this script as example.js","    2. run the shell command:","        $ npm install npmtest-webcomponents && PORT=8081 node example.js","    3. play with the browser-demo on http://127.0.0.1:8081","*/","","","","/* istanbul instrument in package npmtest_webcomponents */","/*jslint","    bitwise: true,","    browser: true,","    maxerr: 8,","    maxlen: 96,","    node: true,","    nomen: true,","    regexp: true,","    stupid: true","*/","(function () {","    'use strict';","    var local;","","","","    // run shared js-env code - pre-init","    (function () {","        // init local","        local = {};","        // init modeJs","        local.modeJs = (function () {","            try {","                return typeof navigator.userAgent === 'string' &&","                    typeof document.querySelector('body') === 'object' &&","                    typeof XMLHttpRequest.prototype.open === 'function' &&","                    'browser';","            } catch (errorCaughtBrowser) {","                return module.exports &&","                    typeof process.versions.node === 'string' &&","                    typeof require('http').createServer === 'function' &&","                    'node';","            }","        }());","        // init global","        local.global = local.modeJs === 'browser'","            ? window","            : global;","        // init utility2_rollup","        local = local.global.utility2_rollup || (local.modeJs === 'browser'","            ? local.global.utility2_npmtest_webcomponents","            : global.utility2_moduleExports);","        // export local","        local.global.local = local;","    }());","    switch (local.modeJs) {","","","","    // post-init","    // run browser js-env code - post-init","    /* istanbul ignore next */","    case 'browser':","        local.testRunBrowser = function (event) {","            if (!event || (event &&","                    event.currentTarget &&","                    event.currentTarget.className &&","                    event.currentTarget.className.includes &&","                    event.currentTarget.className.includes('onreset'))) {","                // reset output","                Array.from(","                    document.querySelectorAll('body > .resettable')","                ).forEach(function (element) {","                    switch (element.tagName) {","                    case 'INPUT':","                    case 'TEXTAREA':","                        element.value = '';","                        break;","                    default:","                        element.textContent = '';","                    }","                });","            }","            switch (event && event.currentTarget && event.currentTarget.id) {","            case 'testRunButton1':","                // show tests","                if (document.querySelector('#testReportDiv1').style.display === 'none') {","                    document.querySelector('#testReportDiv1').style.display = 'block';","                    document.querySelector('#testRunButton1').textContent =","                        'hide internal test';","                    local.modeTest = true;","                    local.testRunDefault(local);","                // hide tests","                } else {","                    document.querySelector('#testReportDiv1').style.display = 'none';","                    document.querySelector('#testRunButton1').textContent = 'run internal test';","                }","                break;","            // custom-case","            default:","                break;","            }","            if (document.querySelector('#inputTextareaEval1') && (!event || (event &&","                    event.currentTarget &&","                    event.currentTarget.className &&","                    event.currentTarget.className.includes &&","                    event.currentTarget.className.includes('oneval')))) {","                // try to eval input-code","                try {","                    /*jslint evil: true*/","                    eval(document.querySelector('#inputTextareaEval1').value);","                } catch (errorCaught) {","                    console.error(errorCaught);","                }","            }","        };","        // log stderr and stdout to #outputTextareaStdout1","        ['error', 'log'].forEach(function (key) {","            console[key + '_original'] = console[key];","            console[key] = function () {","                var element;","                console[key + '_original'].apply(console, arguments);","                element = document.querySelector('#outputTextareaStdout1');","                if (!element) {","                    return;","                }","                // append text to #outputTextareaStdout1","                element.value += Array.from(arguments).map(function (arg) {","                    return typeof arg === 'string'","                        ? arg","                        : JSON.stringify(arg, null, 4);","                }).join(' ') + '\\n';","                // scroll textarea to bottom","                element.scrollTop = element.scrollHeight;","            };","        });","        // init event-handling","        ['change', 'click', 'keyup'].forEach(function (event) {","            Array.from(document.querySelectorAll('.on' + event)).forEach(function (element) {","                element.addEventListener(event, local.testRunBrowser);","            });","        });","        // run tests","        local.testRunBrowser();","        break;","","","","    // run node js-env code - post-init","    /* istanbul ignore next */","    case 'node':","        // export local","        module.exports = local;","        // require modules","        local.fs = require('fs');","        local.http = require('http');","        local.url = require('url');","        // init assets","        local.assetsDict = local.assetsDict || {};","        /* jslint-ignore-begin */","        local.assetsDict['/assets.index.template.html'] = '\\","<!doctype html>\\n\\","<html lang=\"en\">\\n\\","<head>\\n\\","<meta charset=\"UTF-8\">\\n\\","<meta name=\"viewport\" content=\"width=device-width, initial-scale=1\">\\n\\","<title>{{env.npm_package_name}} (v{{env.npm_package_version}})</title>\\n\\","<style>\\n\\","/*csslint\\n\\","    box-sizing: false,\\n\\","    universal-selector: false\\n\\","*/\\n\\","* {\\n\\","    box-sizing: border-box;\\n\\","}\\n\\","body {\\n\\","    background: #dde;\\n\\","    font-family: Arial, Helvetica, sans-serif;\\n\\","    margin: 2rem;\\n\\","}\\n\\","body > * {\\n\\","    margin-bottom: 1rem;\\n\\","}\\n\\",".utility2FooterDiv {\\n\\","    margin-top: 20px;\\n\\","    text-align: center;\\n\\","}\\n\\","</style>\\n\\","<style>\\n\\","/*csslint\\n\\","*/\\n\\","textarea {\\n\\","    font-family: monospace;\\n\\","    height: 10rem;\\n\\","    width: 100%;\\n\\","}\\n\\","textarea[readonly] {\\n\\","    background: #ddd;\\n\\","}\\n\\","</style>\\n\\","</head>\\n\\","<body>\\n\\","<!-- utility2-comment\\n\\","<div id=\"ajaxProgressDiv1\" style=\"background: #d00; height: 2px; left: 0; margin: 0; padding: 0; position: fixed; top: 0; transition: background 0.5s, width 1.5s; width: 25%;\"></div>\\n\\","utility2-comment -->\\n\\","<h1>\\n\\","<!-- utility2-comment\\n\\","    <a\\n\\","        {{#if env.npm_package_homepage}}\\n\\","        href=\"{{env.npm_package_homepage}}\"\\n\\","        {{/if env.npm_package_homepage}}\\n\\","        target=\"_blank\"\\n\\","    >\\n\\","utility2-comment -->\\n\\","        {{env.npm_package_name}} (v{{env.npm_package_version}})\\n\\","<!-- utility2-comment\\n\\","    </a>\\n\\","utility2-comment -->\\n\\","</h1>\\n\\","<h3>{{env.npm_package_description}}</h3>\\n\\","<!-- utility2-comment\\n\\","<h4><a download href=\"assets.app.js\">download standalone app</a></h4>\\n\\","<button class=\"onclick onreset\" id=\"testRunButton1\">run internal test</button><br>\\n\\","<div id=\"testReportDiv1\" style=\"display: none;\"></div>\\n\\","utility2-comment -->\\n\\","\\n\\","\\n\\","\\n\\","<label>stderr and stdout</label>\\n\\","<textarea class=\"resettable\" id=\"outputTextareaStdout1\" readonly></textarea>\\n\\","<!-- utility2-comment\\n\\","{{#if isRollup}}\\n\\","<script src=\"assets.app.js\"></script>\\n\\","{{#unless isRollup}}\\n\\","utility2-comment -->\\n\\","<script src=\"assets.utility2.rollup.js\"></script>\\n\\","<script src=\"jsonp.utility2._stateInit?callback=window.utility2._stateInit\"></script>\\n\\","<script src=\"assets.npmtest_webcomponents.rollup.js\"></script>\\n\\","<script src=\"assets.example.js\"></script>\\n\\","<script src=\"assets.test.js\"></script>\\n\\","<!-- utility2-comment\\n\\","{{/if isRollup}}\\n\\","utility2-comment -->\\n\\","<div class=\"utility2FooterDiv\">\\n\\","    [ this app was created with\\n\\","    <a href=\"https://github.com/kaizhu256/node-utility2\" target=\"_blank\">utility2</a>\\n\\","    ]\\n\\","</div>\\n\\","</body>\\n\\","</html>\\n\\","';","        /* jslint-ignore-end */","        if (local.templateRender) {","            local.assetsDict['/'] = local.templateRender(","                local.assetsDict['/assets.index.template.html'],","                {","                    env: local.objectSetDefault(local.env, {","                        npm_package_description: 'the greatest app in the world!',","                        npm_package_name: 'my-app',","                        npm_package_nameAlias: 'my_app',","                        npm_package_version: '0.0.1'","                    })","                }","            );","        } else {","            local.assetsDict['/'] = local.assetsDict['/assets.index.template.html']","                .replace((/\\{\\{env\\.(\\w+?)\\}\\}/g), function (match0, match1) {","                    // jslint-hack","                    String(match0);","                    switch (match1) {","                    case 'npm_package_description':","                        return 'the greatest app in the world!';","                    case 'npm_package_name':","                        return 'my-app';","                    case 'npm_package_nameAlias':","                        return 'my_app';","                    case 'npm_package_version':","                        return '0.0.1';","                    }","                });","        }","        // run the cli","        if (local.global.utility2_rollup || module !== require.main) {","            break;","        }","        local.assetsDict['/assets.example.js'] =","            local.assetsDict['/assets.example.js'] ||","            local.fs.readFileSync(__filename, 'utf8');","        // bug-workaround - long $npm_package_buildCustomOrg","        /* jslint-ignore-begin */","        local.assetsDict['/assets.npmtest_webcomponents.rollup.js'] =","            local.assetsDict['/assets.npmtest_webcomponents.rollup.js'] ||","            local.fs.readFileSync(","                local.npmtest_webcomponents.__dirname + '/lib.npmtest_webcomponents.js',","                'utf8'","            ).replace((/^#!/), '//');","        /* jslint-ignore-end */","        local.assetsDict['/favicon.ico'] = local.assetsDict['/favicon.ico'] || '';","        // if $npm_config_timeout_exit exists,","        // then exit this process after $npm_config_timeout_exit ms","        if (Number(process.env.npm_config_timeout_exit)) {","            setTimeout(process.exit, Number(process.env.npm_config_timeout_exit));","        }","        // start server","        if (local.global.utility2_serverHttp1) {","            break;","        }","        process.env.PORT = process.env.PORT || '8081';","        console.error('server starting on port ' + process.env.PORT);","        local.http.createServer(function (request, response) {","            request.urlParsed = local.url.parse(request.url);","            if (local.assetsDict[request.urlParsed.pathname] !== undefined) {","                response.end(local.assetsDict[request.urlParsed.pathname]);","                return;","            }","            response.statusCode = 404;","            response.end();","        }).listen(process.env.PORT);","        break;","    }","}());",""],"l":{"26":2,"28":2,"33":2,"35":2,"37":2,"38":2,"39":2,"44":1,"51":2,"55":2,"59":2,"61":2,"69":1,"70":2,"76":2,"79":2,"82":2,"83":2,"85":1,"89":2,"92":1,"93":1,"94":1,"96":1,"97":1,"100":1,"101":1,"103":1,"106":1,"108":2,"114":1,"116":1,"118":1,"123":1,"124":2,"125":2,"126":3,"127":3,"128":3,"129":3,"130":1,"133":3,"134":3,"139":3,"143":1,"144":3,"145":1,"149":1,"150":1,"158":1,"160":1,"161":1,"162":1,"164":1,"166":1,"258":1,"259":1,"271":1,"274":6,"275":6,"277":1,"279":2,"281":1,"283":2,"288":1,"289":1,"291":1,"296":1,"303":1,"306":1,"307":1,"310":1,"311":1,"313":1,"314":1,"315":1,"316":1,"317":1,"318":1,"319":1,"321":1,"322":1,"324":1}},"/home/travis/build/npmtest/node-npmtest-webcomponents/node_modules/webcomponents/lib/index.js":{"path":"/home/travis/build/npmtest/node-npmtest-webcomponents/node_modules/webcomponents/lib/index.js","s":{"1":1,"2":1,"3":1,"4":1,"5":1,"6":1,"7":1,"8":1,"9":1,"10":1,"11":1,"12":1,"13":1,"14":1,"15":1,"16":1,"17":1,"18":1,"19":1,"20":1,"21":1,"22":1,"23":1,"24":0,"25":0,"26":0,"27":0,"28":0,"29":0,"30":0,"31":0,"32":0,"33":0,"34":0,"35":0,"36":0,"37":0,"38":0,"39":0,"40":0,"41":0,"42":0,"43":0,"44":0,"45":0,"46":0,"47":0,"48":0,"49":0,"50":0,"51":0,"52":0,"53":1,"54":0,"55":0,"56":0,"57":0,"58":1,"59":0,"60":0,"61":0,"62":0,"63":0,"64":0,"65":0,"66":0,"67":0,"68":0,"69":0,"70":0,"71":1,"72":1,"73":1},"b":{"1":[0,0],"2":[0,0],"3":[0,0],"4":[0,0],"5":[0,0],"6":[0,0],"7":[0,0],"8":[0,0]},"f":{"1":1,"2":0,"3":0,"4":0,"5":0,"6":0,"7":0,"8":0,"9":0,"10":0},"fnMap":{"1":{"name":"WebComponents","line":23,"loc":{"start":{"line":23,"column":0},"end":{"line":23,"column":25}}},"2":{"name":"(anonymous_2)","line":29,"loc":{"start":{"line":29,"column":31},"end":{"line":29,"column":47}}},"3":{"name":"(anonymous_3)","line":32,"loc":{"start":{"line":32,"column":18},"end":{"line":32,"column":34}}},"4":{"name":"(anonymous_4)","line":37,"loc":{"start":{"line":37,"column":35},"end":{"line":37,"column":47}}},"5":{"name":"(anonymous_5)","line":72,"loc":{"start":{"line":72,"column":35},"end":{"line":72,"column":50}}},"6":{"name":"(anonymous_6)","line":95,"loc":{"start":{"line":95,"column":33},"end":{"line":95,"column":61}}},"7":{"name":"(anonymous_7)","line":102,"loc":{"start":{"line":102,"column":43},"end":{"line":102,"column":68}}},"8":{"name":"renderElement","line":104,"loc":{"start":{"line":104,"column":8},"end":{"line":104,"column":44}}},"9":{"name":"(anonymous_9)","line":109,"loc":{"start":{"line":109,"column":73},"end":{"line":109,"column":94}}},"10":{"name":"(anonymous_10)","line":122,"loc":{"start":{"line":122,"column":51},"end":{"line":122,"column":63}}}},"statementMap":{"1":{"start":{"line":1,"column":0},"end":{"line":1,"column":49}},"2":{"start":{"line":2,"column":0},"end":{"line":2,"column":33}},"3":{"start":{"line":3,"column":0},"end":{"line":3,"column":39}},"4":{"start":{"line":4,"column":0},"end":{"line":4,"column":23}},"5":{"start":{"line":5,"column":0},"end":{"line":5,"column":27}},"6":{"start":{"line":6,"column":0},"end":{"line":6,"column":50}},"7":{"start":{"line":7,"column":0},"end":{"line":7,"column":40}},"8":{"start":{"line":8,"column":0},"end":{"line":8,"column":33}},"9":{"start":{"line":9,"column":0},"end":{"line":9,"column":45}},"10":{"start":{"line":10,"column":0},"end":{"line":10,"column":23}},"11":{"start":{"line":11,"column":0},"end":{"line":11,"column":26}},"12":{"start":{"line":13,"column":0},"end":{"line":13,"column":22}},"13":{"start":{"line":15,"column":0},"end":{"line":15,"column":43}},"14":{"start":{"line":16,"column":0},"end":{"line":16,"column":20}},"15":{"start":{"line":17,"column":0},"end":{"line":17,"column":26}},"16":{"start":{"line":18,"column":0},"end":{"line":18,"column":22}},"17":{"start":{"line":19,"column":0},"end":{"line":19,"column":26}},"18":{"start":{"line":20,"column":0},"end":{"line":20,"column":32}},"19":{"start":{"line":21,"column":0},"end":{"line":21,"column":36}},"20":{"start":{"line":23,"column":0},"end":{"line":25,"column":1}},"21":{"start":{"line":24,"column":4},"end":{"line":24,"column":28}},"22":{"start":{"line":27,"column":0},"end":{"line":27,"column":38}},"23":{"start":{"line":29,"column":0},"end":{"line":93,"column":2}},"24":{"start":{"line":31,"column":4},"end":{"line":31,"column":32}},"25":{"start":{"line":32,"column":4},"end":{"line":92,"column":7}},"26":{"start":{"line":34,"column":8},"end":{"line":34,"column":41}},"27":{"start":{"line":35,"column":8},"end":{"line":35,"column":59}},"28":{"start":{"line":37,"column":8},"end":{"line":90,"column":11}},"29":{"start":{"line":39,"column":12},"end":{"line":39,"column":37}},"30":{"start":{"line":40,"column":12},"end":{"line":40,"column":45}},"31":{"start":{"line":41,"column":12},"end":{"line":41,"column":50}},"32":{"start":{"line":42,"column":12},"end":{"line":42,"column":57}},"33":{"start":{"line":43,"column":12},"end":{"line":43,"column":51}},"34":{"start":{"line":44,"column":12},"end":{"line":44,"column":47}},"35":{"start":{"line":46,"column":12},"end":{"line":46,"column":29}},"36":{"start":{"line":47,"column":12},"end":{"line":60,"column":13}},"37":{"start":{"line":49,"column":16},"end":{"line":49,"column":67}},"38":{"start":{"line":51,"column":16},"end":{"line":59,"column":17}},"39":{"start":{"line":53,"column":20},"end":{"line":53,"column":40}},"40":{"start":{"line":56,"column":20},"end":{"line":58,"column":21}},"41":{"start":{"line":57,"column":24},"end":{"line":57,"column":47}},"42":{"start":{"line":62,"column":12},"end":{"line":89,"column":13}},"43":{"start":{"line":63,"column":16},"end":{"line":63,"column":93}},"44":{"start":{"line":66,"column":16},"end":{"line":66,"column":56}},"45":{"start":{"line":67,"column":16},"end":{"line":67,"column":64}},"46":{"start":{"line":68,"column":16},"end":{"line":68,"column":36}},"47":{"start":{"line":69,"column":16},"end":{"line":76,"column":17}},"48":{"start":{"line":70,"column":20},"end":{"line":70,"column":71}},"49":{"start":{"line":71,"column":20},"end":{"line":75,"column":23}},"50":{"start":{"line":73,"column":28},"end":{"line":73,"column":51}},"51":{"start":{"line":78,"column":16},"end":{"line":86,"column":31}},"52":{"start":{"line":88,"column":16},"end":{"line":88,"column":58}},"53":{"start":{"line":95,"column":0},"end":{"line":126,"column":2}},"54":{"start":{"line":97,"column":4},"end":{"line":97,"column":37}},"55":{"start":{"line":98,"column":4},"end":{"line":98,"column":30}},"56":{"start":{"line":100,"column":4},"end":{"line":100,"column":35}},"57":{"start":{"line":102,"column":4},"end":{"line":120,"column":7}},"58":{"start":{"line":104,"column":8},"end":{"line":116,"column":9}},"59":{"start":{"line":105,"column":12},"end":{"line":105,"column":41}},"60":{"start":{"line":107,"column":12},"end":{"line":107,"column":57}},"61":{"start":{"line":109,"column":12},"end":{"line":112,"column":15}},"62":{"start":{"line":110,"column":16},"end":{"line":110,"column":59}},"63":{"start":{"line":111,"column":16},"end":{"line":111,"column":68}},"64":{"start":{"line":111,"column":27},"end":{"line":111,"column":68}},"65":{"start":{"line":114,"column":12},"end":{"line":114,"column":77}},"66":{"start":{"line":115,"column":12},"end":{"line":115,"column":54}},"67":{"start":{"line":118,"column":8},"end":{"line":118,"column":45}},"68":{"start":{"line":119,"column":8},"end":{"line":119,"column":60}},"69":{"start":{"line":122,"column":4},"end":{"line":124,"column":7}},"70":{"start":{"line":123,"column":8},"end":{"line":123,"column":24}},"71":{"start":{"line":128,"column":0},"end":{"line":128,"column":59}},"72":{"start":{"line":130,"column":0},"end":{"line":130,"column":49}},"73":{"start":{"line":132,"column":0},"end":{"line":132,"column":35}}},"branchMap":{"1":{"line":47,"type":"if","locations":[{"start":{"line":47,"column":12},"end":{"line":47,"column":12}},{"start":{"line":47,"column":12},"end":{"line":47,"column":12}}]},"2":{"line":56,"type":"if","locations":[{"start":{"line":56,"column":20},"end":{"line":56,"column":20}},{"start":{"line":56,"column":20},"end":{"line":56,"column":20}}]},"3":{"line":56,"type":"binary-expr","locations":[{"start":{"line":56,"column":24},"end":{"line":56,"column":25}},{"start":{"line":56,"column":29},"end":{"line":56,"column":53}}]},"4":{"line":62,"type":"if","locations":[{"start":{"line":62,"column":12},"end":{"line":62,"column":12}},{"start":{"line":62,"column":12},"end":{"line":62,"column":12}}]},"5":{"line":67,"type":"binary-expr","locations":[{"start":{"line":67,"column":27},"end":{"line":67,"column":47}},{"start":{"line":67,"column":51},"end":{"line":67,"column":63}}]},"6":{"line":69,"type":"if","locations":[{"start":{"line":69,"column":16},"end":{"line":69,"column":16}},{"start":{"line":69,"column":16},"end":{"line":69,"column":16}}]},"7":{"line":73,"type":"binary-expr","locations":[{"start":{"line":73,"column":41},"end":{"line":73,"column":44}},{"start":{"line":73,"column":48},"end":{"line":73,"column":50}}]},"8":{"line":111,"type":"if","locations":[{"start":{"line":111,"column":16},"end":{"line":111,"column":16}},{"start":{"line":111,"column":16},"end":{"line":111,"column":16}}]}},"code":["var CustomElements = require('./customelements');","var Parser = require('./parser');","var Component = require('./component');","var fs = require('fs');","var glob = require('glob');","var EventEmitter = require('events').EventEmitter;","var inherits = require('util').inherits;","var Engine = require('./engine');","var Promise = require('es6-promise').Promise;","var vm = require('vm');","var _ = require('lodash');","","require('./resource');","","const COMPONENT_TAG_NAME = 'web-component';","const NAME = 'name';","const EXTENDS = 'extends';","const OUTER = 'outer';","const ADAPTER = 'adapter';","const ATTRIBUTES = 'attributes';","const ATTRIBUTES_SEPARATOR = /\\s|,/;","","function WebComponents() {","    EventEmitter.call(this);","}","","inherits(WebComponents, EventEmitter);","","WebComponents.prototype.load = function (expr) {","    // use sync","    var files = glob.sync(expr);","    files.forEach(function (file) {","","        var html = fs.readFileSync(file);","        var $ = Parser.load(html, {decodeEntities: false});","","        $(COMPONENT_TAG_NAME).each(function () {","","            var $component = $(this);","            var name = $component.attr(NAME);","            var extend = $component.attr(EXTENDS);","            var attributes = $component.attr(ATTRIBUTES);","            var adapter = $component.attr(ADAPTER);","            var outer = $component.attr(OUTER);","","            var publish = {};","            if (attributes) {","                // names='a b c' or names='a,b,c'","                var names = attributes.split(ATTRIBUTES_SEPARATOR);","                // record each name for publishing","                for (var i = 0, l = names.length, n; i < l; i++) {","                    // remove excess ws","                    n = names[i].trim();","                    // looks weird, but causes n to exist on `publish` if it does not;","                    // a more careful test would need expensive `in` operator","                    if (n && publish[n] === undefined) {","                        publish[n] = undefined;","                    }","                }","            }","","            if (!name) {","                console.error('Component define in', file, 'missing required name attribute')","            } else {","","                var $script = $component.find('script');","                var type = $script.attr('type') || 'javascript';","                var definition = {};","                if ($script.length) {","                    var script = vm.createScript($script.html(), file);","                    script.runInNewContext({","                        Component: function (def) {","                            definition = def || {};","                        }","                    });","                }","","                definition = _.merge({","                    path: file,","                    extends: extend,","                    attributes: publish,","                    adapter: adapter,","                    outer: outer !== undefined,","                    $component: $component,","                    $: $","                }, definition);","","                CustomElements.register(name, definition);","            }","        });","","    });","};","","WebComponents.prototype.render = function (file, globalData) {","    // TODO: pre render in production env","    var html = fs.readFileSync(file);","    var $ = Parser.load(html);","","    var customElementPromises = [];","","    CustomElements.getRegistered().forEach(function (customElement) {","","        function renderElement(index, elem) {","            var $customElement = $(this);","","            var component = new Component(customElement);","","            CustomElements.getPublishedAttributes(customElement).forEach(function (attribute) {","                var value = $customElement.attr(attribute);","                if (value) component.setAttribute(attribute, value);","            });","","            var renderPromise = component.render($customElement, globalData);","            customElementPromises.push(renderPromise);","        }","","        $(customElement).each(renderElement);","        $('[is=' + customElement + ']').each(renderElement);","    });","","    return Promise.all(customElementPromises).then(function () {","        return $.html();","    });","","};","","WebComponents.prototype.register = CustomElements.register;","","WebComponents.prototype.engine = Engine.register;","","module.exports = new WebComponents;",""],"l":{"1":1,"2":1,"3":1,"4":1,"5":1,"6":1,"7":1,"8":1,"9":1,"10":1,"11":1,"13":1,"15":1,"16":1,"17":1,"18":1,"19":1,"20":1,"21":1,"23":1,"24":1,"27":1,"29":1,"31":0,"32":0,"34":0,"35":0,"37":0,"39":0,"40":0,"41":0,"42":0,"43":0,"44":0,"46":0,"47":0,"49":0,"51":0,"53":0,"56":0,"57":0,"62":0,"63":0,"66":0,"67":0,"68":0,"69":0,"70":0,"71":0,"73":0,"78":0,"88":0,"95":1,"97":0,"98":0,"100":0,"102":0,"104":1,"105":0,"107":0,"109":0,"110":0,"111":0,"114":0,"115":0,"118":0,"119":0,"122":0,"123":0,"128":1,"130":1,"132":1}},"/home/travis/build/npmtest/node-npmtest-webcomponents/node_modules/webcomponents/lib/customelements/index.js":{"path":"/home/travis/build/npmtest/node-npmtest-webcomponents/node_modules/webcomponents/lib/customelements/index.js","s":{"1":1,"2":1,"3":1,"4":1,"5":1,"6":1,"7":8,"8":0,"9":1,"10":1,"11":1,"12":1,"13":1,"14":1,"15":1,"16":0,"17":0,"18":0,"19":1,"20":1,"21":1,"22":0,"23":1,"24":0,"25":1,"26":0,"27":1,"28":0,"29":1,"30":0,"31":1,"32":1,"33":1,"34":0,"35":0,"36":0,"37":0,"38":0,"39":1,"40":1,"41":1,"42":1,"43":1,"44":0,"45":0,"46":0,"47":0,"48":0,"49":0,"50":1,"51":0,"52":1,"53":0,"54":0,"55":0,"56":0,"57":0,"58":0,"59":1,"60":1,"61":0,"62":0,"63":0,"64":0,"65":1,"66":1},"b":{"1":[0,8],"2":[1,0],"3":[1,0],"4":[0,1],"5":[0,1],"6":[0,1],"7":[0,1],"8":[0,1],"9":[0,1],"10":[0,0],"11":[0,0],"12":[0,0],"13":[0,0],"14":[0,0],"15":[0,0],"16":[0,0]},"f":{"1":1,"2":1,"3":1,"4":0,"5":1,"6":0,"7":0,"8":0,"9":0,"10":0,"11":0},"fnMap":{"1":{"name":"isReservedTag","line":10,"loc":{"start":{"line":10,"column":0},"end":{"line":10,"column":29}}},"2":{"name":"getRegisteredDefinition","line":21,"loc":{"start":{"line":21,"column":0},"end":{"line":21,"column":39}}},"3":{"name":"generateConstructor","line":29,"loc":{"start":{"line":29,"column":0},"end":{"line":29,"column":41}}},"4":{"name":"(anonymous_4)","line":30,"loc":{"start":{"line":30,"column":11},"end":{"line":30,"column":22}}},"5":{"name":"(anonymous_5)","line":37,"loc":{"start":{"line":37,"column":26},"end":{"line":37,"column":51}}},"6":{"name":"(anonymous_6)","line":96,"loc":{"start":{"line":96,"column":24},"end":{"line":96,"column":39}}},"7":{"name":"(anonymous_7)","line":108,"loc":{"start":{"line":108,"column":28},"end":{"line":108,"column":48}}},"8":{"name":"(anonymous_8)","line":112,"loc":{"start":{"line":112,"column":31},"end":{"line":112,"column":43}}},"9":{"name":"(anonymous_9)","line":114,"loc":{"start":{"line":114,"column":31},"end":{"line":114,"column":56}}},"10":{"name":"(anonymous_10)","line":118,"loc":{"start":{"line":118,"column":18},"end":{"line":118,"column":32}}},"11":{"name":"(anonymous_11)","line":128,"loc":{"start":{"line":128,"column":40},"end":{"line":128,"column":56}}}},"statementMap":{"1":{"start":{"line":1,"column":0},"end":{"line":1,"column":26}},"2":{"start":{"line":2,"column":0},"end":{"line":2,"column":40}},"3":{"start":{"line":3,"column":0},"end":{"line":3,"column":36}},"4":{"start":{"line":5,"column":0},"end":{"line":8,"column":2}},"5":{"start":{"line":10,"column":0},"end":{"line":16,"column":1}},"6":{"start":{"line":11,"column":4},"end":{"line":15,"column":5}},"7":{"start":{"line":12,"column":8},"end":{"line":14,"column":9}},"8":{"start":{"line":13,"column":12},"end":{"line":13,"column":24}},"9":{"start":{"line":19,"column":0},"end":{"line":19,"column":18}},"10":{"start":{"line":21,"column":0},"end":{"line":25,"column":1}},"11":{"start":{"line":22,"column":4},"end":{"line":24,"column":5}},"12":{"start":{"line":23,"column":8},"end":{"line":23,"column":44}},"13":{"start":{"line":27,"column":0},"end":{"line":27,"column":24}},"14":{"start":{"line":29,"column":0},"end":{"line":35,"column":1}},"15":{"start":{"line":30,"column":4},"end":{"line":34,"column":5}},"16":{"start":{"line":31,"column":8},"end":{"line":31,"column":53}},"17":{"start":{"line":32,"column":8},"end":{"line":32,"column":54}},"18":{"start":{"line":33,"column":8},"end":{"line":33,"column":23}},"19":{"start":{"line":37,"column":0},"end":{"line":94,"column":2}},"20":{"start":{"line":39,"column":4},"end":{"line":39,"column":35}},"21":{"start":{"line":40,"column":4},"end":{"line":42,"column":5}},"22":{"start":{"line":41,"column":8},"end":{"line":41,"column":92}},"23":{"start":{"line":44,"column":4},"end":{"line":46,"column":5}},"24":{"start":{"line":45,"column":8},"end":{"line":45,"column":155}},"25":{"start":{"line":48,"column":4},"end":{"line":50,"column":5}},"26":{"start":{"line":49,"column":8},"end":{"line":49,"column":162}},"27":{"start":{"line":52,"column":4},"end":{"line":54,"column":5}},"28":{"start":{"line":53,"column":8},"end":{"line":53,"column":117}},"29":{"start":{"line":57,"column":4},"end":{"line":61,"column":5}},"30":{"start":{"line":58,"column":8},"end":{"line":58,"column":49}},"31":{"start":{"line":64,"column":4},"end":{"line":64,"column":43}},"32":{"start":{"line":67,"column":4},"end":{"line":67,"column":54}},"33":{"start":{"line":69,"column":4},"end":{"line":83,"column":5}},"34":{"start":{"line":71,"column":8},"end":{"line":71,"column":75}},"35":{"start":{"line":73,"column":8},"end":{"line":78,"column":9}},"36":{"start":{"line":74,"column":12},"end":{"line":74,"column":48}},"37":{"start":{"line":76,"column":12},"end":{"line":76,"column":67}},"38":{"start":{"line":77,"column":12},"end":{"line":77,"column":103}},"39":{"start":{"line":82,"column":8},"end":{"line":82,"column":90}},"40":{"start":{"line":86,"column":4},"end":{"line":86,"column":55}},"41":{"start":{"line":91,"column":4},"end":{"line":91,"column":45}},"42":{"start":{"line":93,"column":4},"end":{"line":93,"column":27}},"43":{"start":{"line":96,"column":0},"end":{"line":106,"column":2}},"44":{"start":{"line":98,"column":4},"end":{"line":98,"column":50}},"45":{"start":{"line":99,"column":4},"end":{"line":105,"column":5}},"46":{"start":{"line":100,"column":8},"end":{"line":100,"column":44}},"47":{"start":{"line":101,"column":8},"end":{"line":103,"column":9}},"48":{"start":{"line":102,"column":12},"end":{"line":102,"column":64}},"49":{"start":{"line":104,"column":8},"end":{"line":104,"column":23}},"50":{"start":{"line":108,"column":0},"end":{"line":110,"column":2}},"51":{"start":{"line":109,"column":4},"end":{"line":109,"column":31}},"52":{"start":{"line":112,"column":0},"end":{"line":124,"column":2}},"53":{"start":{"line":113,"column":4},"end":{"line":123,"column":5}},"54":{"start":{"line":114,"column":8},"end":{"line":120,"column":11}},"55":{"start":{"line":115,"column":12},"end":{"line":117,"column":13}},"56":{"start":{"line":116,"column":16},"end":{"line":116,"column":40}},"57":{"start":{"line":119,"column":12},"end":{"line":119,"column":24}},"58":{"start":{"line":122,"column":8},"end":{"line":122,"column":36}},"59":{"start":{"line":126,"column":0},"end":{"line":126,"column":65}},"60":{"start":{"line":128,"column":0},"end":{"line":135,"column":2}},"61":{"start":{"line":129,"column":4},"end":{"line":129,"column":51}},"62":{"start":{"line":130,"column":4},"end":{"line":134,"column":5}},"63":{"start":{"line":131,"column":8},"end":{"line":131,"column":49}},"64":{"start":{"line":133,"column":8},"end":{"line":133,"column":17}},"65":{"start":{"line":137,"column":0},"end":{"line":137,"column":35}},"66":{"start":{"line":139,"column":0},"end":{"line":139,"column":32}}},"branchMap":{"1":{"line":12,"type":"if","locations":[{"start":{"line":12,"column":8},"end":{"line":12,"column":8}},{"start":{"line":12,"column":8},"end":{"line":12,"column":8}}]},"2":{"line":22,"type":"if","locations":[{"start":{"line":22,"column":4},"end":{"line":22,"column":4}},{"start":{"line":22,"column":4},"end":{"line":22,"column":4}}]},"3":{"line":39,"type":"binary-expr","locations":[{"start":{"line":39,"column":21},"end":{"line":39,"column":28}},{"start":{"line":39,"column":32},"end":{"line":39,"column":34}}]},"4":{"line":40,"type":"if","locations":[{"start":{"line":40,"column":4},"end":{"line":40,"column":4}},{"start":{"line":40,"column":4},"end":{"line":40,"column":4}}]},"5":{"line":44,"type":"if","locations":[{"start":{"line":44,"column":4},"end":{"line":44,"column":4}},{"start":{"line":44,"column":4},"end":{"line":44,"column":4}}]},"6":{"line":48,"type":"if","locations":[{"start":{"line":48,"column":4},"end":{"line":48,"column":4}},{"start":{"line":48,"column":4},"end":{"line":48,"column":4}}]},"7":{"line":52,"type":"if","locations":[{"start":{"line":52,"column":4},"end":{"line":52,"column":4}},{"start":{"line":52,"column":4},"end":{"line":52,"column":4}}]},"8":{"line":57,"type":"if","locations":[{"start":{"line":57,"column":4},"end":{"line":57,"column":4}},{"start":{"line":57,"column":4},"end":{"line":57,"column":4}}]},"9":{"line":69,"type":"if","locations":[{"start":{"line":69,"column":4},"end":{"line":69,"column":4}},{"start":{"line":69,"column":4},"end":{"line":69,"column":4}}]},"10":{"line":73,"type":"if","locations":[{"start":{"line":73,"column":8},"end":{"line":73,"column":8}},{"start":{"line":73,"column":8},"end":{"line":73,"column":8}}]},"11":{"line":99,"type":"if","locations":[{"start":{"line":99,"column":4},"end":{"line":99,"column":4}},{"start":{"line":99,"column":4},"end":{"line":99,"column":4}}]},"12":{"line":101,"type":"if","locations":[{"start":{"line":101,"column":8},"end":{"line":101,"column":8}},{"start":{"line":101,"column":8},"end":{"line":101,"column":8}}]},"13":{"line":113,"type":"if","locations":[{"start":{"line":113,"column":4},"end":{"line":113,"column":4}},{"start":{"line":113,"column":4},"end":{"line":113,"column":4}}]},"14":{"line":115,"type":"if","locations":[{"start":{"line":115,"column":12},"end":{"line":115,"column":12}},{"start":{"line":115,"column":12},"end":{"line":115,"column":12}}]},"15":{"line":130,"type":"if","locations":[{"start":{"line":130,"column":4},"end":{"line":130,"column":4}},{"start":{"line":130,"column":4},"end":{"line":130,"column":4}}]},"16":{"line":130,"type":"binary-expr","locations":[{"start":{"line":130,"column":8},"end":{"line":130,"column":18}},{"start":{"line":130,"column":22},"end":{"line":130,"column":43}}]}},"code":["var _ = require('lodash');","var inherits = require('util').inherits;","var Element = require('../element');","","var reservedTagList = [","    'annotation-xml', 'color-profile', 'font-face', 'font-face-src',","    'font-face-uri', 'font-face-format', 'font-face-name', 'missing-glyph'","];","","function isReservedTag(name) {","    for (var i = 0; i < reservedTagList.length; i++) {","        if (name === reservedTagList[i]) {","            return true;","        }","    }","}","","// element registry (maps tag names to definitions)","var registry = {};","","function getRegisteredDefinition(name) {","    if (name) {","        return registry[name.toLowerCase()];","    }","}","","var CustomElements = {};","","function generateConstructor(definition) {","    return function() {","        var element = new Element(definition.__name);","        element.__proto__ = definition.ctor.prototype;","        return element;","    }","}","","CustomElements.register = function (name, options) {","    // TODO: probably should clone options instead of mutating it","    var definition = options || {};","    if (!name) {","        throw new Error('CustomElements.register: first argument `name` must not be empty');","    }","","    if (name.indexOf('-') < 0) {","        throw new Error('CustomElements.register: first argument (\\'name\\') must contain a dash (\\'-\\'). Argument provided was \\'' + String(name) + '\\'.');","    }","    // prevent registering reserved names","    if (isReservedTag(name)) {","        throw new Error('Failed to execute \\'register\\' on \\'CustomElements\\': Registration failed for type \\'' + String(name) + '\\'. The type name is invalid.');","    }","    // elements may only be registered once","    if (getRegisteredDefinition(name)) {","        throw new Error('DuplicateDefinitionError: a type with name \\'' + String(name) + '\\' is already registered');","    }","","    // must have a prototype, default to an extension of HTMLElement","    if (!definition.prototype) {","        definition.prototype = Element.prototype;","        // TODO: probably should throw if no prototype, check spec","        // throw new Error('Options missing required prototype property');","    }","","    // record name","    definition.__name = name.toLowerCase();","","    // Run custom element constructor generation algorithm with PROTOTYPE","    definition.ctor = generateConstructor(definition);","","    if(definition.extends){","","        var parentDefinition = getRegisteredDefinition(definition.extends);","","        if(!parentDefinition){","            throw new Error('Failed to extends')","        }else{","            definition = _.merge({}, parentDefinition, definition);","            definition.ctor.prototype = _.extend({}, parentDefinition.prototype, definition.prototype);","        }","","    }else{","        // TODO: when no prototype","        definition.ctor.prototype = _.extend({}, Element.prototype, definition.prototype);","    }","","    // force our .constructor to be our actual constructor","    definition.prototype.constructor = definition.ctor;","    // if initial parsing is complete","    // upgrade any pre-existing nodes of this type","","    // Register the DEFINITION","    registry[definition.__name] = definition;","","    return definition.ctor;","};","","CustomElements.create = function (tag) {","","    var definition = getRegisteredDefinition(tag);","    if (definition) {","        var element = new definition.ctor();","        if(definition.attributes){","            element.attributes = _.clone(definition.attributes);","        }","        return element;","    }","};","","CustomElements.instanceof = function(obj, base) {","    return obj instanceof base;","};","","CustomElements.getRegistered = function(is){","    if(is){","        return _.map(registry, function(definition, key){","            if(definition.is == is){","                return definition.__name","            }","        }).filter(function(name){","            return name;","        });","    }else{","        return Object.keys(registry)","    }","};","","CustomElements.getRegisteredDefinition = getRegisteredDefinition;","","CustomElements.getPublishedAttributes = function (name) {","    var definition = getRegisteredDefinition(name);","    if (definition && definition.attributes) {","        return Object.keys(definition.attributes)","    } else {","        return []","    }","};","","CustomElements.registry = registry;","","module.exports = CustomElements;",""],"l":{"1":1,"2":1,"3":1,"5":1,"10":1,"11":1,"12":8,"13":0,"19":1,"21":1,"22":1,"23":1,"27":1,"29":1,"30":1,"31":0,"32":0,"33":0,"37":1,"39":1,"40":1,"41":0,"44":1,"45":0,"48":1,"49":0,"52":1,"53":0,"57":1,"58":0,"64":1,"67":1,"69":1,"71":0,"73":0,"74":0,"76":0,"77":0,"82":1,"86":1,"91":1,"93":1,"96":1,"98":0,"99":0,"100":0,"101":0,"102":0,"104":0,"108":1,"109":0,"112":1,"113":0,"114":0,"115":0,"116":0,"119":0,"122":0,"126":1,"128":1,"129":0,"130":0,"131":0,"133":0,"137":1,"139":1}},"/home/travis/build/npmtest/node-npmtest-webcomponents/node_modules/webcomponents/lib/element/index.js":{"path":"/home/travis/build/npmtest/node-npmtest-webcomponents/node_modules/webcomponents/lib/element/index.js","s":{"1":1,"2":0,"3":0,"4":0,"5":0,"6":1,"7":0,"8":0,"9":0,"10":0,"11":0,"12":0,"13":0,"14":0,"15":0,"16":0,"17":0,"18":0,"19":1},"b":{"1":[0,0],"2":[0,0],"3":[0,0],"4":[0,0]},"f":{"1":0,"2":0,"3":0,"4":0,"5":0,"6":0},"fnMap":{"1":{"name":"Element","line":1,"loc":{"start":{"line":1,"column":0},"end":{"line":1,"column":22}}},"2":{"name":"(anonymous_2)","line":12,"loc":{"start":{"line":12,"column":18},"end":{"line":12,"column":39}}},"3":{"name":"(anonymous_3)","line":17,"loc":{"start":{"line":17,"column":21},"end":{"line":17,"column":36}}},"4":{"name":"(anonymous_4)","line":25,"loc":{"start":{"line":25,"column":18},"end":{"line":25,"column":33}}},"5":{"name":"(anonymous_5)","line":28,"loc":{"start":{"line":28,"column":18},"end":{"line":28,"column":33}}},"6":{"name":"(anonymous_6)","line":33,"loc":{"start":{"line":33,"column":22},"end":{"line":33,"column":62}}}},"statementMap":{"1":{"start":{"line":1,"column":0},"end":{"line":9,"column":1}},"2":{"start":{"line":2,"column":4},"end":{"line":2,"column":21}},"3":{"start":{"line":3,"column":4},"end":{"line":3,"column":25}},"4":{"start":{"line":6,"column":4},"end":{"line":8,"column":5}},"5":{"start":{"line":7,"column":8},"end":{"line":7,"column":31}},"6":{"start":{"line":11,"column":0},"end":{"line":45,"column":1}},"7":{"start":{"line":13,"column":8},"end":{"line":13,"column":47}},"8":{"start":{"line":14,"column":8},"end":{"line":14,"column":38}},"9":{"start":{"line":15,"column":8},"end":{"line":15,"column":53}},"10":{"start":{"line":18,"column":8},"end":{"line":23,"column":9}},"11":{"start":{"line":19,"column":12},"end":{"line":19,"column":51}},"12":{"start":{"line":20,"column":12},"end":{"line":20,"column":41}},"13":{"start":{"line":21,"column":12},"end":{"line":21,"column":41}},"14":
[...]
         var styleHtml = self.renderStyle(style);","            return styleHtml + rendered;","        })","        .then(function (rendered) {","            self.renderElement(rendered);","","            // Must render current component first that may pass dynamic params to sub component attributes.","            // TODO: how to optimize in production env when sub component is rendered by dynamic dependent","            self.renderTree($customElement, globalData);","        });","","    return promise;","};","","Component.prototype.renderElement = function (rendered) {","    var self = this;","    var $customElement = self.$customElement;","","    if (self.outer) {","        $customElement.replaceWith(rendered);","    } else {","        // Convert custom tag to shim tag with component class","        if($customElement[0].name == self.name){","            $customElement[0].name = SHIM_TAG_NAME;","            $customElement.addClass(self.name);","        }","","        $customElement.html(rendered);","    }","};","","Component.prototype.renderTree = function ($fragment, globalData) {","    var self = this;","    var $ = self.$;","","    var customElementPromises = [];","","    CustomElements.getRegistered().forEach(function (customElement) {","","        function renderElement(index, elem) {","            var $customElement = $(this);","            var component = new Component(customElement);","","            CustomElements.getPublishedAttributes(customElement).forEach(function (attribute) {","                var value = $customElement.attr(attribute);","                if (value) component.setAttribute(attribute, value);","            });","","            var renderPromise = component.render($customElement, globalData);","            // render all multi-level nested component","            var renderTreePromise = self.renderTree($customElement, globalData);","","            customElementPromises.push(renderPromise, renderTreePromise);","        }","","        $fragment.find(customElement).each(renderElement);","        $fragment.find('[is=' + customElement + ']').each(renderElement);","    });","","    return Promise.all(customElementPromises);","};","","Component.prototype.fetchStyle = function ($component) {","    var $style = $component.find('style');","    var type = $style.attr('type') || 'style';","    if ($style.length) {","        return {","            content: Style.shimShadowStyles($style.html(), this.name),","            type: type","        };","    }","    // TODO: support external link","    // var $link = $component.find('link[ref=stylesheet]');","};","","// TODO: output all in one style file","Component.prototype.renderStyle = function (style) {","    if (!style) {","        return '';","    }","","    var self = this;","    var content = style.content;","    var type = style.type;","","    return ['<style>', content, '</style>'].join('');","};","","Component.prototype.fetchContent = function ($template) {","","    var self = this;","    var $ = self.$;","    var $customElement = self.$customElement;","    // render composed DOM","    $template.find('content').each(function () {","        var $content = $(this);","        var select = $content.attr('select');","","        var $matched;","        if (select) {","            $matched = $customElement.find(select);","        } else {","            $matched = $customElement.children()","        }","        $content.replaceWith($matched);","    });","};","","Component.prototype.fetchTemplate = function ($component) {","    var $template = $component.find('template');","","    if ($template.length) {","","        var type = $template.attr('type') || 'template';","        this.fetchContent($template);","        return {","            content: $template.html(),","            type: type","        };","    }","","};","","Component.prototype.renderTemplate = function (template, componentData, globalData, relativePath) {","    var self = this;","    var content = template.content;","    var type = template.type;","    var engine = Engine.get(type);","","    var combinedData = componentData;","","    if (_.isArray(componentData)) {","        // TODO: the performance of 'call' is better then 'apply'","        combinedData = _.extend.apply(null, _.clone(componentData));","    }","","    var data = _.extend({}, globalData, self.attributes, combinedData);","    if (_.isFunction(self.adapter)) {","        var fn = self.adapter;","        var context = {","            request: globalData.request,","            req: globalData.request,","            response: globalData.response,","            res: globalData.response,","            global: globalData,","            attributes: self.attributes,","            // resource data","            data: componentData","        };","        // TODO: clone data if pass data may be rewrite, but it performance mate","        data = fn.call(context, data);","    }","","    if (engine.compile && engine.render) {","        var compiled = engine.compile(content, relativePath);","        return engine.render(compiled, data);","    } else if (_.isFunction(engine)) {","        return engine(content, data, relativePath);","    } else {","        console.error('Engine', type, 'unregistered');","    }","","};","","module.exports = Component;",""],"l":{"1":1,"2":1,"3":1,"4":1,"5":1,"6":1,"7":1,"9":1,"10":1,"12":1,"13":0,"15":0,"17":0,"18":0,"19":0,"20":0,"21":0,"22":0,"25":1,"27":1,"28":0,"29":0,"30":0,"32":0,"33":0,"35":0,"37":0,"38":0,"39":0,"41":0,"42":0,"43":0,"46":0,"48":0,"49":0,"52":0,"56":0,"59":0,"62":1,"63":0,"64":0,"65":0,"68":0,"71":0,"72":0,"73":0,"74":0,"76":0,"81":0,"82":0,"83":0,"86":0,"90":0,"93":0,"96":1,"97":0,"98":0,"100":0,"101":0,"104":0,"105":0,"106":0,"109":0,"113":1,"114":0,"115":0,"117":0,"119":0,"121":1,"122":0,"123":0,"125":0,"126":0,"127":0,"130":0,"132":0,"134":0,"137":0,"138":0,"141":0,"144":1,"145":0,"146":0,"147":0,"148":0,"158":1,"159":0,"160":0,"163":0,"164":0,"165":0,"167":0,"170":1,"172":0,"173":0,"174":0,"176":0,"177":0,"178":0,"180":0,"181":0,"182":0,"184":0,"186":0,"190":1,"191":0,"193":0,"195":0,"196":0,"197":0,"205":1,"206":0,"207":0,"208":0,"209":0,"211":0,"213":0,"215":0,"218":0,"219":0,"220":0,"221":0,"232":0,"235":0,"236":0,"237":0,"238":0,"239":0,"241":0,"246":1}},"/home/travis/build/npmtest/node-npmtest-webcomponents/node_modules/webcomponents/lib/style/index.js":{"path":"/home/travis/build/npmtest/node-npmtest-webcomponents/node_modules/webcomponents/lib/style/index.js","s":{"1":1,"2":0,"3":0,"4":1,"5":0,"6":0,"7":0,"8":0,"9":0,"10":0,"11":0,"12":0,"13":0,"14":0,"15":1,"16":0,"17":1,"18":0,"19":0,"20":0,"21":0,"22":0,"23":1,"24":0,"25":1},"b":{"1":[0,0],"2":[0,0],"3":[0,0]},"f":{"1":0,"2":0,"3":0,"4":0,"5":0,"6":0,"7":0},"fnMap":{"1":{"name":"buildShadowRegexes","line":1,"loc":{"start":{"line":1,"column":0},"end":{"line":1,"column":41}}},"2":{"name":"shimSelector","line":14,"loc":{"start":{"line":14,"column":0},"end":{"line":14,"column":62}}},"3":{"name":"shimShadowSelector","line":31,"loc":{"start":{"line":31,"column":0},"end":{"line":31,"column":51}}},"4":{"name":"shimStyles","line":35,"loc":{"start":{"line":35,"column":0},"end":{"line":35,"column":50}}},"5":{"name":"(anonymous_5)","line":39,"loc":{"start":{"line":39,"column":39},"end":{"line":39,"column":54}}},"6":{"name":"(anonymous_6)","line":40,"loc":{"start":{"line":40,"column":31},"end":{"line":40,"column":67}}},"7":{"name":"shimShadowStyles","line":48,"loc":{"start":{"line":48,"column":0},"end":{"line":48,"column":47}}}},"statementMap":{"1":{"start":{"line":1,"column":0},"end":{"line":12,"column":1}},"2":{"start":{"line":2,"column":4},"end":{"line":2,"column":45}},"3":{"start":{"line":3,"column":4},"end":{"line":11,"column":6}},"4":{"start":{"line":14,"column":0},"end":{"line":29,"column":1}},"5":{"start":{"line":15,"column":4},"end":{"line":15,"column":23}},"6":{"start":{"line":17,"column":4},"end":{"line":24,"column":5}},"7":{"start":{"line":18,"column":8},"end":{"line":18,"column":36}},"8":{"start":{"line":19,"column":8},"end":{"line":23,"column":9}},"9":{"start":{"line":20,"column":12},"end":{"line":20,"column":26}},"10":{"start":{"line":21,"column":12},"end":{"line":21,"column":54}},"11":{"start":{"line":22,"column":12},"end":{"line":22,"column":18}},"12":{"start":{"line":25,"column":4},"end":{"line":27,"column":5}},"13":{"start":{"line":26,"column":8},"end":{"line":26,"column":54}},"14":{"start":{"line":28,"column":4},"end":{"line":28,"column":20}},"15":{"start":{"line":31,"column":0},"end":{"line":33,"column":1}},"16":{"start":{"line":32,"column":4},"end":{"line":32,"column":80}},"17":{"start":{"line":35,"column":0},"end":{"line":46,"column":1}},"18":{"start":{"line":36,"column":4},"end":{"line":37,"column":38}},"19":{"start":{"line":39,"column":4},"end":{"line":43,"column":7}},"20":{"start":{"line":40,"column":8},"end":{"line":42,"column":11}},"21":{"start":{"line":41,"column":12},"end":{"line":41,"column":75}},"22":{"start":{"line":45,"column":4},"end":{"line":45,"column":36}},"23":{"start":{"line":48,"column":0},"end":{"line":50,"column":1}},"24":{"start":{"line":49,"column":4},"end":{"line":49,"column":76}},"25":{"start":{"line":52,"column":0},"end":{"line":55,"column":2}}},"branchMap":{"1":{"line":19,"type":"if","locations":[{"start":{"line":19,"column":8},"end":{"line":19,"column":8}},{"start":{"line":19,"column":8},"end":{"line":19,"column":8}}]},"2":{"line":25,"type":"if","locations":[{"start":{"line":25,"column":4},"end":{"line":25,"column":4}},{"start":{"line":25,"column":4},"end":{"line":25,"column":4}}]},"3":{"line":25,"type":"binary-expr","locations":[{"start":{"line":25,"column":8},"end":{"line":25,"column":15}},{"start":{"line":25,"column":19},"end":{"line":25,"column":59}}]}},"code":["function buildShadowRegexes(elementName) {","    var elementClassName = '.' + elementName;","    return [","        [/^:host\\(([^:]+)\\)$/, elementClassName+'$1'],","        [/^:host(:hover|:active|:focus)$/, elementClassName+'$1'],","        [/^:host(\\[[^:]+\\])$/, elementClassName+'$1'],","        [/^:host$/, elementClassName],","        [/^:ancestor\\(([^:]+)\\)$/, '$1 '+elementClassName], // deprecated; replaced by :host-context","        [/^:host-context\\(([^:]+)\\)$/, '$1 '+elementClassName],","        [/^::content/, elementClassName],","    ];","}","","function shimSelector(selector, elementName, selectorRegexes) {","    var shimed = false;","","    for (var i = 0; i < selectorRegexes.length; i++) {","        var re = selectorRegexes[i];","        if (selector.match(re[0])) {","            shimed = true;","            selector = selector.replace(re[0], re[1]);","            break;","        }","    }","    if (!shimed && !selector.match(new RegExp(elementName))) {","        selector = '.' + elementName + ' ' + selector;","    }","    return selector;","}","","function shimShadowSelector(selector, elementName) {","    return shimSelector(selector, elementName, buildShadowRegexes(elementName));","}","","function shimStyles(styles, elementName, regexes) {","    var css = require('css'),","        parseTree = css.parse(styles);","","    parseTree.stylesheet.rules.forEach(function(rule) {","        rule.selectors.forEach(function(selector, i, selectorsRef) {","            selectorsRef[i] = shimSelector(selector, elementName, regexes);","        });","    });","","    return css.stringify(parseTree);","}","","function shimShadowStyles(styles, elementName) {","    return shimStyles(styles, elementName, buildShadowRegexes(elementName));","}","","module.exports = {","    shimShadowSelector: shimShadowSelector,","    shimShadowStyles: shimShadowStyles","};",""],"l":{"1":1,"2":0,"3":0,"14":1,"15":0,"17":0,"18":0,"19":0,"20":0,"21":0,"22":0,"25":0,"26":0,"28":0,"31":1,"32":0,"35":1,"36":0,"39":0,"40":0,"41":0,"45":0,"48":1,"49":0,"52":1}},"/home/travis/build/npmtest/node-npmtest-webcomponents/node_modules/webcomponents/lib/engine/index.js":{"path":"/home/travis/build/npmtest/node-npmtest-webcomponents/node_modules/webcomponents/lib/engine/index.js","s":{"1":1,"2":1,"3":1,"4":1,"5":1,"6":1,"7":1,"8":0,"9":0,"10":0,"11":1,"12":0,"13":1,"14":0,"15":0,"16":1},"b":{"1":[1,0],"2":[0,0]},"f":{"1":1,"2":0,"3":0,"4":0},"fnMap":{"1":{"name":"(anonymous_1)","line":15,"loc":{"start":{"line":15,"column":18},"end":{"line":15,"column":36}}},"2":{"name":"(anonymous_2)","line":27,"loc":{"start":{"line":27,"column":13},"end":{"line":27,"column":27}}},"3":{"name":"(anonymous_3)","line":32,"loc":{"start":{"line":32,"column":13},"end":{"line":32,"column":43}}},"4":{"name":"(anonymous_4)","line":35,"loc":{"start":{"line":35,"column":12},"end":{"line":35,"column":39}}}},"statementMap":{"1":{"start":{"line":1,"column":0},"end":{"line":1,"column":26}},"2":{"start":{"line":2,"column":0},"end":{"line":2,"column":39}},"3":{"start":{"line":4,"column":0},"end":{"line":4,"column":16}},"4":{"start":{"line":6,"column":0},"end":{"line":6,"column":20}},"5":{"start":{"line":15,"column":0},"end":{"line":25,"column":2}},"6":{"start":{"line":17,"column":4},"end":{"line":23,"column":5}},"7":{"start":{"line":18,"column":8},"end":{"line":18,"column":34}},"8":{"start":{"line":19,"column":10},"end":{"line":23,"column":5}},"9":{"start":{"line":20,"column":8},"end":{"line":20,"column":39}},"10":{"start":{"line":22,"column":8},"end":{"line":22,"column":133}},"11":{"start":{"line":27,"column":0},"end":{"line":29,"column":2}},"12":{"start":{"line":28,"column":4},"end":{"line":28,"column":32}},"13":{"start":{"line":31,"column":0},"end":{"line":38,"column":3}},"14":{"start":{"line":33,"column":8},"end":{"line":33,"column":42}},"15":{"start":{"line":36,"column":8},"end":{"line":36,"column":33}},"16":{"start":{"line":40,"column":0},"end":{"line":40,"column":24}}},"branchMap":{"1":{"line":17,"type":"if","locations":[{"start":{"line":17,"column":4},"end":{"line":17,"column":4}},{"start":{"line":17,"column":4},"end":{"line":17,"column":4}}]},"2":{"line":19,"type":"if","locations":[{"start":{"line":19,"column":10},"end":{"line":19,"column":10}},{"start":{"line":19,"column":10},"end":{"line":19,"column":10}}]}},"code":["var _ = require('lodash');","var Handlebars = require('handlebars');","","var Engine = {};","","Engine.engines = {};","","/**"," *"," * @param type"," * @param fn(template, data, relativePath)"," *"," *   relativePath - path with which to resolve relative rules"," */","Engine.register = function(type, fn){","","    if (_.isString(type)) {","        Engine.engines[type] = fn;","    }else if(_.isPlainObject(type)){","        _.extend(Engine.engines, type);","    }else{","        throw new Error('Engine.register: first argument must be string or object. Argument provided was \\'' + String(type) + '\\'.');","    }","","};","","Engine.get = function(type){","    return Engine.engines[type];","};","","Engine.register('template', {","    compile: function(source, relativePath){","        return Handlebars.compile(source);","    },","    render: function(compiled, context){","        return compiled(context);","    }","});","","module.exports = Engine;",""],"l":{"1":1,"2":1,"4":1,"6":1,"15":1,"17":1,"18":1,"19":0,"20":0,"22":0,"27":1,"28":0,"31":1,"33":0,"36":0,"40":1}},"/home/travis/build/npmtest/node-npmtest-webcomponents/node_modules/webcomponents/lib/resource/index.js":{"path":"/home/travis/build/npmtest/node-npmtest-webcomponents/node_modules/webcomponents/lib/resource/index.js","s":{"1":1,"2":1,"3":1,"4":1,"5":1,"6":0,"7":0,"8":0,"9":0,"10":0,"11":0,"12":0,"13":0,"14":0,"15":0,"16":0,"17":0,"18":0,"19":0,"20":0,"21":0,"22":0,"23":0},"b":{"1":[0,0],"2":[0,0]},"f":{"1":0,"2":0,"3":0,"4":0,"5":0,"6":0},"fnMap":{"1":{"name":"(anonymous_1)","line":17,"loc":{"start":{"line":17,"column":23},"end":{"line":17,"column":37}}},"2":{"name":"(anonymous_2)","line":19,"loc":{"start":{"line":19,"column":46},"end":{"line":19,"column":63}}},"3":{"name":"(anonymous_3)","line":24,"loc":{"start":{"line":24,"column":17},"end":{"line":24,"column":42}}},"4":{"name":"(anonymous_4)","line":30,"loc":{"start":{"line":30,"column":34},"end":{"line":30,"column":53}}},"5":{"name":"(anonymous_5)","line":33,"loc":{"start":{"line":33,"column":36},"end":{"line":33,"column":53}}},"6":{"name":"(anonymous_6)","line":37,"loc":{"start":{"line":37,"column":35},"end":{"line":37,"column":47}}}},"statementMap":{"1":{"start":{"line":1,"column":0},"end":{"line":1,"column":50}},"2":{"start":{"line":2,"column":0},"end":{"line":2,"column":27}},"3":{"start":{"line":3,"column":0},"end":{"line":3,"column":25}},"4":{"start":{"line":5,"column":0},"end":{"line":5,"column":23}},"5":{"start":{"line":7,"column":0},"end":{"line":53,"column":3}},"6":{"start":{"line":18,"column":12},"end":{"line":18,"column":47}},"7":{"start":{"line":19,"column":12},"end":{"line":21,"column":15}},"8":{"start":{"line":20,"column":16},"end":{"line":20,"column":50}},"9":{"start":{"line":22,"column":12},"end":{"line":22,"column":42}},"10":{"start":{"line":25,"column":12},"end":{"line":25,"column":62}},"11":{"start":{"line":26,"column":12},"end":{"line":26,"column":57}},"12":{"start":{"line":27,"column":12},"end":{"line":27,"column":59}},"13":{"start":{"line":28,"column":12},"end":{"line":28,"column":57}},"14":{"start":{"line":30,"column":12},"end":{"line":49,"column":21}},"15":{"start":{"line":31,"column":16},"end":{"line":31,"column":29}},"16":{"start":{"line":33,"column":16},"end":{"line":35,"column":19}},"17":{"start":{"line":34,"column":20},"end":{"line":34,"column":33}},"18":{"start":{"line":37,"column":16},"end":{"line":47,"column":19}},"19":{"start":{"line":38,"column":20},"end":{"line":38,"column":28}},"20":{"start":{"line":40,"column":20},"end":{"line":44,"column":21}},"21":{"start":{"line":41,"column":24},"end":{"line":41,"column":45}},"22":{"start":{"line":43,"column":24},"end":{"line":43,"column":34}},"23":{"start":{"line":46,"column":20},"end":{"line":46,"column":33}}},"branchMap":{"1":{"line":20,"type":"cond-expr","locations":[{"start":{"line":20,"column":36},"end":{"line":20,"column":44}},{"start":{"line":20,"column":47},"end":{"line":20,"column":49}}]},"2":{"line":40,"type":"if","locations":[{"start":{"line":40,"column":20},"end":{"line":40,"column":20}},{"start":{"line":40,"column":20},"end":{"line":40,"column":20}}]}},"code":["var CustomElements = require('../customelements');","var http = require('http');","var url = require('url');","","var JSON_TYPE = 'json';","","CustomElements.register('web-resource', {","    outer: true,","    is: 'web-resource',","    attributes: {","        url: '',","        method: 'GET',","        headers: {},","        dataType: JSON_TYPE","    },","    prototype: {","        beforeRequest: function(data){","            var url = this.getAttribute('url');","            url = url.replace(/\\$\\{(.+?)\\}/g, function($0, $1) {","                return $1 in data ? data[$1] : $0;","            });","            this.setAttribute('url', url);","        },","        request: function(resolve, reject){","            var options = url.parse(this.getAttribute('url'));","            options.method = this.getAttribute('method');","            options.headers = this.getAttribute('headers');","            var dataType = this.getAttribute('dataType');","","            http.request(options, function(response) {","                var str = '';","","                response.on('data', function (chunk) {","                    str += chunk;","                });","","                response.on('end', function () {","                    var res;","","                    if(dataType.toLowerCase() == JSON_TYPE){","                        res = JSON.parse(str)","                    }else{","                        res = str;","                    }","","                    resolve(res);","                });","","            }).end();","","        }","    }","});","",""],"l":{"1":1,"2":1,"3":1,"5":1,"7":1,"18":0,"19":0,"20":0,"22":0,"25":0,"26":0,"27":0,"28":0,"30":0,"31":0,"33":0,"34":0,"37":0,"38":0,"40":0,"41":0,"43":0,"46":0}}}